*************************************************************************************************************************
Random Seed:  1998
The current k_fold_id is 1
Trainging set: csvfiles/sjtu_data_info/train_1.csv
Using model: MM-PCQA
Using l2rank loss
Using Adam optimizer, initial learning rate: 5e-05
Ready to train network
*************************************************************************************************************************
Epoch 1 averaged training loss: 8.2470
The current learning rate is 0.000050
Epoch 1 training time cost: 39.3234 seconds
Test results: SROCC=0.7460, KROCC=0.5517, PLCC=0.7897, RMSE=1.4122
Update best model using best_val_criterion 
Update the best Test results: SROCC=0.7460, KROCC=0.5517, PLCC=0.7897, RMSE=1.4122
Epoch 2 averaged training loss: 3.1834
The current learning rate is 0.000050
Epoch 2 training time cost: 38.5155 seconds
Test results: SROCC=0.8224, KROCC=0.6353, PLCC=0.8659, RMSE=1.1516
Update best model using best_val_criterion 
Update the best Test results: SROCC=0.8224, KROCC=0.6353, PLCC=0.8659, RMSE=1.1516
Epoch 3 averaged training loss: 4.0074
The current learning rate is 0.000050
Epoch 3 training time cost: 38.1537 seconds
Test results: SROCC=0.7488, KROCC=0.5633, PLCC=0.7629, RMSE=1.4882
Epoch 4 averaged training loss: 2.8323
The current learning rate is 0.000050
Epoch 4 training time cost: 38.2253 seconds
Test results: SROCC=0.8853, KROCC=0.6980, PLCC=0.8840, RMSE=1.0762
Update best model using best_val_criterion 
Update the best Test results: SROCC=0.8853, KROCC=0.6980, PLCC=0.8840, RMSE=1.0762
Epoch 5 averaged training loss: 2.5524
The current learning rate is 0.000050
Epoch 5 training time cost: 38.4377 seconds
Test results: SROCC=0.7804, KROCC=0.6098, PLCC=0.7683, RMSE=1.4735
Epoch 6 averaged training loss: 3.3575
The current learning rate is 0.000050
Epoch 6 training time cost: 38.2091 seconds
Test results: SROCC=0.9146, KROCC=0.7677, PLCC=0.9202, RMSE=0.9013
Update best model using best_val_criterion 
Update the best Test results: SROCC=0.9146, KROCC=0.7677, PLCC=0.9202, RMSE=0.9013
Epoch 7 averaged training loss: 2.8873
The current learning rate is 0.000050
Epoch 7 training time cost: 38.4676 seconds
Test results: SROCC=0.9107, KROCC=0.7515, PLCC=0.9089, RMSE=0.9597
Epoch 8 averaged training loss: 2.0610
The current learning rate is 0.000045
Epoch 8 training time cost: 38.8686 seconds
Test results: SROCC=0.9397, KROCC=0.7909, PLCC=0.9417, RMSE=0.7743
Update best model using best_val_criterion 
Update the best Test results: SROCC=0.9397, KROCC=0.7909, PLCC=0.9417, RMSE=0.7743
Epoch 9 averaged training loss: 2.4898
The current learning rate is 0.000045
Epoch 9 training time cost: 38.4746 seconds
Test results: SROCC=0.9311, KROCC=0.7654, PLCC=0.9217, RMSE=0.8930
Epoch 10 averaged training loss: 2.5801
The current learning rate is 0.000045
Epoch 10 training time cost: 38.4146 seconds
Test results: SROCC=0.9280, KROCC=0.7700, PLCC=0.9447, RMSE=0.7550
Epoch 11 averaged training loss: 2.2633
The current learning rate is 0.000045
Epoch 11 training time cost: 38.0514 seconds
Test results: SROCC=0.9042, KROCC=0.7352, PLCC=0.8993, RMSE=1.0065
Epoch 12 averaged training loss: 2.2404
The current learning rate is 0.000045
Epoch 12 training time cost: 38.2679 seconds
Test results: SROCC=0.9357, KROCC=0.7840, PLCC=0.9408, RMSE=0.7804
Epoch 13 averaged training loss: 2.0170
The current learning rate is 0.000045
Epoch 13 training time cost: 38.4868 seconds
Test results: SROCC=0.9404, KROCC=0.8026, PLCC=0.9463, RMSE=0.7441
Update best model using best_val_criterion 
Update the best Test results: SROCC=0.9404, KROCC=0.8026, PLCC=0.9463, RMSE=0.7441
Epoch 14 averaged training loss: 2.2510
The current learning rate is 0.000045
Epoch 14 training time cost: 39.0657 seconds
Test results: SROCC=0.9371, KROCC=0.7863, PLCC=0.9455, RMSE=0.7494
Epoch 15 averaged training loss: 1.4237
The current learning rate is 0.000045
Epoch 15 training time cost: 38.8516 seconds
Test results: SROCC=0.9365, KROCC=0.7863, PLCC=0.9402, RMSE=0.7838
Epoch 16 averaged training loss: 1.5487
The current learning rate is 0.000041
Epoch 16 training time cost: 39.3186 seconds
Test results: SROCC=0.9251, KROCC=0.7631, PLCC=0.9285, RMSE=0.8548
Epoch 17 averaged training loss: 1.7648
The current learning rate is 0.000041
Epoch 17 training time cost: 38.8904 seconds
Test results: SROCC=0.9003, KROCC=0.7422, PLCC=0.8923, RMSE=1.0392
Epoch 18 averaged training loss: 1.9938
The current learning rate is 0.000041
Epoch 18 training time cost: 38.0287 seconds
Test results: SROCC=0.9370, KROCC=0.7979, PLCC=0.9497, RMSE=0.7206
Epoch 19 averaged training loss: 1.9062
The current learning rate is 0.000041
Epoch 19 training time cost: 38.3388 seconds
Test results: SROCC=0.9355, KROCC=0.7863, PLCC=0.9471, RMSE=0.7386
Epoch 20 averaged training loss: 1.6956
The current learning rate is 0.000041
Epoch 20 training time cost: 38.0460 seconds
Test results: SROCC=0.9274, KROCC=0.7677, PLCC=0.9434, RMSE=0.7636
Epoch 21 averaged training loss: 2.0979
The current learning rate is 0.000041
Epoch 21 training time cost: 38.1607 seconds
Test results: SROCC=0.9096, KROCC=0.7561, PLCC=0.9282, RMSE=0.8562
Epoch 22 averaged training loss: 1.5545
The current learning rate is 0.000041
Epoch 22 training time cost: 38.0616 seconds
Test results: SROCC=0.9379, KROCC=0.8002, PLCC=0.9505, RMSE=0.7155
Epoch 23 averaged training loss: 1.6382
The current learning rate is 0.000041
Epoch 23 training time cost: 37.7868 seconds
Test results: SROCC=0.9279, KROCC=0.7793, PLCC=0.9414, RMSE=0.7763
Epoch 24 averaged training loss: 1.5315
The current learning rate is 0.000036
Epoch 24 training time cost: 37.7205 seconds
Test results: SROCC=0.9220, KROCC=0.7631, PLCC=0.9296, RMSE=0.8481
Epoch 25 averaged training loss: 1.5683
The current learning rate is 0.000036
Epoch 25 training time cost: 37.9645 seconds
Test results: SROCC=0.8998, KROCC=0.7213, PLCC=0.9083, RMSE=0.9627
Epoch 26 averaged training loss: 1.8237
The current learning rate is 0.000036
Epoch 26 training time cost: 38.2418 seconds
Test results: SROCC=0.8801, KROCC=0.7027, PLCC=0.8555, RMSE=1.1919
Epoch 27 averaged training loss: 1.4603
The current learning rate is 0.000036
Epoch 27 training time cost: 37.8886 seconds
Test results: SROCC=0.9133, KROCC=0.7422, PLCC=0.9167, RMSE=0.9198
Epoch 28 averaged training loss: 1.3215
The current learning rate is 0.000036
Epoch 28 training time cost: 37.8497 seconds
Test results: SROCC=0.9452, KROCC=0.8118, PLCC=0.9524, RMSE=0.7015
Update best model using best_val_criterion 
Update the best Test results: SROCC=0.9452, KROCC=0.8118, PLCC=0.9524, RMSE=0.7015
Epoch 29 averaged training loss: 1.4261
The current learning rate is 0.000036
Epoch 29 training time cost: 37.7475 seconds
Test results: SROCC=0.9311, KROCC=0.7747, PLCC=0.9255, RMSE=0.8718
Epoch 30 averaged training loss: 1.5163
The current learning rate is 0.000036
Epoch 30 training time cost: 37.9812 seconds
Test results: SROCC=0.9417, KROCC=0.8026, PLCC=0.9429, RMSE=0.7666
Epoch 31 averaged training loss: 1.4573
The current learning rate is 0.000036
Epoch 31 training time cost: 38.1993 seconds
Test results: SROCC=0.9259, KROCC=0.7700, PLCC=0.9322, RMSE=0.8332
Epoch 32 averaged training loss: 1.3198
The current learning rate is 0.000033
Epoch 32 training time cost: 37.8970 seconds
Test results: SROCC=0.9191, KROCC=0.7584, PLCC=0.9228, RMSE=0.8866
Epoch 33 averaged training loss: 1.3050
The current learning rate is 0.000033
Epoch 33 training time cost: 37.8852 seconds
Test results: SROCC=0.9386, KROCC=0.7886, PLCC=0.9474, RMSE=0.7368
Epoch 34 averaged training loss: 1.5069
The current learning rate is 0.000033
Epoch 34 training time cost: 37.8948 seconds
Test results: SROCC=0.8979, KROCC=0.7213, PLCC=0.8798, RMSE=1.0940
Epoch 35 averaged training loss: 1.2961
The current learning rate is 0.000033
Epoch 35 training time cost: 38.1555 seconds
Test results: SROCC=0.9267, KROCC=0.7654, PLCC=0.9331, RMSE=0.8278
Epoch 36 averaged training loss: 1.2525
The current learning rate is 0.000033
Epoch 36 training time cost: 37.6970 seconds
Test results: SROCC=0.9402, KROCC=0.7863, PLCC=0.9479, RMSE=0.7332
Epoch 37 averaged training loss: 1.0837
The current learning rate is 0.000033
Epoch 37 training time cost: 38.2086 seconds
Test results: SROCC=0.9230, KROCC=0.7584, PLCC=0.9229, RMSE=0.8865
Epoch 38 averaged training loss: 1.3037
The current learning rate is 0.000033
Epoch 38 training time cost: 38.2184 seconds
Test results: SROCC=0.9431, KROCC=0.7956, PLCC=0.9560, RMSE=0.6752
Epoch 39 averaged training loss: 1.3028
The current learning rate is 0.000033
Epoch 39 training time cost: 37.8177 seconds
Test results: SROCC=0.9120, KROCC=0.7491, PLCC=0.9147, RMSE=0.9305
Epoch 40 averaged training loss: 1.1850
The current learning rate is 0.000030
Epoch 40 training time cost: 38.2393 seconds
Test results: SROCC=0.9201, KROCC=0.7631, PLCC=0.9362, RMSE=0.8090
Epoch 41 averaged training loss: 1.3602
The current learning rate is 0.000030
Epoch 41 training time cost: 38.4871 seconds
Test results: SROCC=0.9376, KROCC=0.8002, PLCC=0.9483, RMSE=0.7309
Epoch 42 averaged training loss: 1.2895
The current learning rate is 0.000030
Epoch 42 training time cost: 37.9602 seconds
Test results: SROCC=0.9349, KROCC=0.7909, PLCC=0.9472, RMSE=0.7379
Epoch 43 averaged training loss: 1.1023
The current learning rate is 0.000030
Epoch 43 training time cost: 37.9667 seconds
Test results: SROCC=0.9428, KROCC=0.8142, PLCC=0.9605, RMSE=0.6409
Epoch 44 averaged training loss: 1.1519
The current learning rate is 0.000030
Epoch 44 training time cost: 37.6022 seconds
Test results: SROCC=0.9504, KROCC=0.8258, PLCC=0.9589, RMSE=0.6535
Update best model using best_val_criterion 
Update the best Test results: SROCC=0.9504, KROCC=0.8258, PLCC=0.9589, RMSE=0.6535
Epoch 45 averaged training loss: 1.3475
The current learning rate is 0.000030
Epoch 45 training time cost: 38.3587 seconds
Test results: SROCC=0.9452, KROCC=0.8002, PLCC=0.9554, RMSE=0.6798
Epoch 46 averaged training loss: 1.4236
The current learning rate is 0.000030
Epoch 46 training time cost: 38.2498 seconds
Test results: SROCC=0.9269, KROCC=0.7700, PLCC=0.9374, RMSE=0.8015
Epoch 47 averaged training loss: 1.2353
The current learning rate is 0.000030
Epoch 47 training time cost: 38.5387 seconds
Test results: SROCC=0.9279, KROCC=0.7770, PLCC=0.9349, RMSE=0.8167
Epoch 48 averaged training loss: 1.0803
The current learning rate is 0.000027
Epoch 48 training time cost: 37.8150 seconds
Test results: SROCC=0.9374, KROCC=0.7956, PLCC=0.9448, RMSE=0.7543
Epoch 49 averaged training loss: 1.0140
The current learning rate is 0.000027
Epoch 49 training time cost: 38.1432 seconds
Test results: SROCC=0.8950, KROCC=0.7166, PLCC=0.8850, RMSE=1.0717
Epoch 50 averaged training loss: 1.0006
The current learning rate is 0.000027
Epoch 50 training time cost: 38.0503 seconds
Test results: SROCC=0.9222, KROCC=0.7584, PLCC=0.9160, RMSE=0.9233
SJTU
The best Val results: SROCC=0.9504, KROCC=0.8258, PLCC=0.9589, RMSE=0.6535
*************************************************************************************************************************
The current k_fold_id is 2
Trainging set: csvfiles/sjtu_data_info/train_2.csv
Using model: MM-PCQA
Using l2rank loss
Using Adam optimizer, initial learning rate: 5e-05
Ready to train network
*************************************************************************************************************************
Epoch 1 averaged training loss: 7.8470
The current learning rate is 0.000050
Epoch 1 training time cost: 38.2056 seconds
Test results: SROCC=0.6371, KROCC=0.4634, PLCC=0.7326, RMSE=1.5604
Update best model using best_val_criterion 
Update the best Test results: SROCC=0.6371, KROCC=0.4634, PLCC=0.7326, RMSE=1.5604
Epoch 2 averaged training loss: 3.8410
The current learning rate is 0.000050
Epoch 2 training time cost: 38.4801 seconds
Test results: SROCC=0.9003, KROCC=0.7305, PLCC=0.9287, RMSE=0.8500
Update best model using best_val_criterion 
Update the best Test results: SROCC=0.9003, KROCC=0.7305, PLCC=0.9287, RMSE=0.8500
Epoch 3 averaged training loss: 3.5524
The current learning rate is 0.000050
Epoch 3 training time cost: 38.0791 seconds
Test results: SROCC=0.7060, KROCC=0.5168, PLCC=0.7850, RMSE=1.4203
Epoch 4 averaged training loss: 3.4356
The current learning rate is 0.000050
Epoch 4 training time cost: 39.2381 seconds
Test results: SROCC=0.9123, KROCC=0.7654, PLCC=0.9580, RMSE=0.6576
Update best model using best_val_criterion 
Update the best Test results: SROCC=0.9123, KROCC=0.7654, PLCC=0.9580, RMSE=0.6576
Epoch 5 averaged training loss: 2.4600
The current learning rate is 0.000050
Epoch 5 training time cost: 39.4359 seconds
Test results: SROCC=0.8426, KROCC=0.6492, PLCC=0.8518, RMSE=1.2010
Epoch 6 averaged training loss: 2.7700
The current learning rate is 0.000050
Epoch 6 training time cost: 38.8379 seconds
Test results: SROCC=0.8538, KROCC=0.6841, PLCC=0.9168, RMSE=0.9157
Epoch 7 averaged training loss: 2.4048
The current learning rate is 0.000050
Epoch 7 training time cost: 39.0929 seconds
Test results: SROCC=0.9219, KROCC=0.7724, PLCC=0.9457, RMSE=0.7452
Update best model using best_val_criterion 
Update the best Test results: SROCC=0.9219, KROCC=0.7724, PLCC=0.9457, RMSE=0.7452
Epoch 8 averaged training loss: 3.0669
The current learning rate is 0.000045
Epoch 8 training time cost: 38.1987 seconds
Test results: SROCC=0.6942, KROCC=0.5354, PLCC=0.7162, RMSE=1.6001
Epoch 9 averaged training loss: 3.4786
The current learning rate is 0.000045
Epoch 9 training time cost: 39.1382 seconds
Test results: SROCC=0.8998, KROCC=0.7445, PLCC=0.9500, RMSE=0.7158
Epoch 10 averaged training loss: 2.5942
The current learning rate is 0.000045
Epoch 10 training time cost: 38.5186 seconds
Test results: SROCC=0.9159, KROCC=0.7607, PLCC=0.9417, RMSE=0.7713
Epoch 11 averaged training loss: 2.1688
The current learning rate is 0.000045
Epoch 11 training time cost: 38.7267 seconds
Test results: SROCC=0.9031, KROCC=0.7305, PLCC=0.9127, RMSE=0.9368
Epoch 12 averaged training loss: 1.7773
The current learning rate is 0.000045
Epoch 12 training time cost: 38.8420 seconds
Test results: SROCC=0.9232, KROCC=0.7724, PLCC=0.9548, RMSE=0.6818
Update best model using best_val_criterion 
Update the best Test results: SROCC=0.9232, KROCC=0.7724, PLCC=0.9548, RMSE=0.6818
Epoch 13 averaged training loss: 2.0310
The current learning rate is 0.000045
Epoch 13 training time cost: 39.3000 seconds
Test results: SROCC=0.8409, KROCC=0.6702, PLCC=0.9095, RMSE=0.9532
Epoch 14 averaged training loss: 2.1814
The current learning rate is 0.000045
Epoch 14 training time cost: 38.9843 seconds
Test results: SROCC=0.9117, KROCC=0.7538, PLCC=0.9394, RMSE=0.7862
Epoch 15 averaged training loss: 1.8676
The current learning rate is 0.000045
Epoch 15 training time cost: 38.4030 seconds
Test results: SROCC=0.8386, KROCC=0.6353, PLCC=0.8469, RMSE=1.2190
Epoch 16 averaged training loss: 1.6307
The current learning rate is 0.000041
Epoch 16 training time cost: 39.0839 seconds
Test results: SROCC=0.8572, KROCC=0.6562, PLCC=0.8777, RMSE=1.0986
Epoch 17 averaged training loss: 1.8853
The current learning rate is 0.000041
Epoch 17 training time cost: 38.1362 seconds
Test results: SROCC=0.7715, KROCC=0.5610, PLCC=0.8637, RMSE=1.1555
Epoch 18 averaged training loss: 2.2699
The current learning rate is 0.000041
Epoch 18 training time cost: 37.8431 seconds
Test results: SROCC=0.9246, KROCC=0.7677, PLCC=0.9550, RMSE=0.6803
Update best model using best_val_criterion 
Update the best Test results: SROCC=0.9246, KROCC=0.7677, PLCC=0.9550, RMSE=0.6803
Epoch 19 averaged training loss: 1.9068
The current learning rate is 0.000041
Epoch 19 training time cost: 38.3563 seconds
Test results: SROCC=0.8676, KROCC=0.6841, PLCC=0.8917, RMSE=1.0379
Epoch 20 averaged training loss: 1.8514
The current learning rate is 0.000041
Epoch 20 training time cost: 38.0331 seconds
Test results: SROCC=0.8770, KROCC=0.7027, PLCC=0.9211, RMSE=0.8925
Epoch 21 averaged training loss: 1.8989
The current learning rate is 0.000041
Epoch 21 training time cost: 38.5546 seconds
Test results: SROCC=0.7576, KROCC=0.5470, PLCC=0.8675, RMSE=1.1405
Epoch 22 averaged training loss: 1.7457
The current learning rate is 0.000041
Epoch 22 training time cost: 38.0757 seconds
Test results: SROCC=0.8598, KROCC=0.6702, PLCC=0.9110, RMSE=0.9457
Epoch 23 averaged training loss: 1.5626
The current learning rate is 0.000041
Epoch 23 training time cost: 37.9165 seconds
Test results: SROCC=0.8548, KROCC=0.6980, PLCC=0.9138, RMSE=0.9313
Epoch 24 averaged training loss: 1.5293
The current learning rate is 0.000036
Epoch 24 training time cost: 38.0729 seconds
Test results: SROCC=0.8657, KROCC=0.6934, PLCC=0.9149, RMSE=0.9255
Epoch 25 averaged training loss: 1.3650
The current learning rate is 0.000036
Epoch 25 training time cost: 37.9087 seconds
Test results: SROCC=0.8741, KROCC=0.6934, PLCC=0.9248, RMSE=0.8723
Epoch 26 averaged training loss: 1.4359
The current learning rate is 0.000036
Epoch 26 training time cost: 38.5498 seconds
Test results: SROCC=0.7822, KROCC=0.5865, PLCC=0.8337, RMSE=1.2661
Epoch 27 averaged training loss: 1.3749
The current learning rate is 0.000036
Epoch 27 training time cost: 38.1937 seconds
Test results: SROCC=0.9300, KROCC=0.7793, PLCC=0.9532, RMSE=0.6929
Update best model using best_val_criterion 
Update the best Test results: SROCC=0.9300, KROCC=0.7793, PLCC=0.9532, RMSE=0.6929
Epoch 28 averaged training loss: 1.6265
The current learning rate is 0.000036
Epoch 28 training time cost: 38.2576 seconds
Test results: SROCC=0.8851, KROCC=0.7120, PLCC=0.9183, RMSE=0.9077
Epoch 29 averaged training loss: 1.2889
The current learning rate is 0.000036
Epoch 29 training time cost: 39.0078 seconds
Test results: SROCC=0.8762, KROCC=0.7050, PLCC=0.9214, RMSE=0.8912
Epoch 30 averaged training loss: 1.2472
The current learning rate is 0.000036
Epoch 30 training time cost: 38.3250 seconds
Test results: SROCC=0.8900, KROCC=0.7003, PLCC=0.9291, RMSE=0.8479
Epoch 31 averaged training loss: 1.4883
The current learning rate is 0.000036
Epoch 31 training time cost: 38.6552 seconds
Test results: SROCC=0.8963, KROCC=0.7305, PLCC=0.9412, RMSE=0.7744
Epoch 32 averaged training loss: 1.3816
The current learning rate is 0.000033
Epoch 32 training time cost: 37.7276 seconds
Test results: SROCC=0.9156, KROCC=0.7468, PLCC=0.9359, RMSE=0.8077
Epoch 33 averaged training loss: 1.2062
The current learning rate is 0.000033
Epoch 33 training time cost: 37.9780 seconds
Test results: SROCC=0.9201, KROCC=0.7770, PLCC=0.9591, RMSE=0.6491
Epoch 34 averaged training loss: 1.5400
The current learning rate is 0.000033
Epoch 34 training time cost: 38.0211 seconds
Test results: SROCC=0.8415, KROCC=0.6376, PLCC=0.8817, RMSE=1.0819
Epoch 35 averaged training loss: 1.3777
The current learning rate is 0.000033
Epoch 35 training time cost: 38.0225 seconds
Test results: SROCC=0.8930, KROCC=0.7236, PLCC=0.9372, RMSE=0.7998
Epoch 36 averaged training loss: 1.1458
The current learning rate is 0.000033
Epoch 36 training time cost: 38.2749 seconds
Test results: SROCC=0.9141, KROCC=0.7468, PLCC=0.9429, RMSE=0.7640
Epoch 37 averaged training loss: 1.4461
The current learning rate is 0.000033
Epoch 37 training time cost: 38.6733 seconds
Test results: SROCC=0.9013, KROCC=0.7352, PLCC=0.9385, RMSE=0.7916
Epoch 38 averaged training loss: 1.3715
The current learning rate is 0.000033
Epoch 38 training time cost: 39.1938 seconds
Test results: SROCC=0.8112, KROCC=0.6074, PLCC=0.8760, RMSE=1.1059
Epoch 39 averaged training loss: 1.2860
The current learning rate is 0.000033
Epoch 39 training time cost: 38.8942 seconds
Test results: SROCC=0.8305, KROCC=0.6400, PLCC=0.8798, RMSE=1.0896
Epoch 40 averaged training loss: 1.3749
The current learning rate is 0.000030
Epoch 40 training time cost: 38.3218 seconds
Test results: SROCC=0.8725, KROCC=0.7003, PLCC=0.9179, RMSE=0.9096
Epoch 41 averaged training loss: 1.0545
The current learning rate is 0.000030
Epoch 41 training time cost: 38.1290 seconds
Test results: SROCC=0.9366, KROCC=0.8002, PLCC=0.9663, RMSE=0.5903
Update best model using best_val_criterion 
Update the best Test results: SROCC=0.9366, KROCC=0.8002, PLCC=0.9663, RMSE=0.5903
Epoch 42 averaged training loss: 1.0981
The current learning rate is 0.000030
Epoch 42 training time cost: 38.2569 seconds
Test results: SROCC=0.8843, KROCC=0.7213, PLCC=0.9189, RMSE=0.9045
Epoch 43 averaged training loss: 1.2078
The current learning rate is 0.000030
Epoch 43 training time cost: 38.3958 seconds
Test results: SROCC=0.8911, KROCC=0.7096, PLCC=0.9253, RMSE=0.8697
Epoch 44 averaged training loss: 1.2140
The current learning rate is 0.000030
Epoch 44 training time cost: 37.8436 seconds
Test results: SROCC=0.8379, KROCC=0.6353, PLCC=0.9093, RMSE=0.9541
Epoch 45 averaged training loss: 1.2282
The current learning rate is 0.000030
Epoch 45 training time cost: 38.7969 seconds
Test results: SROCC=0.8823, KROCC=0.6887, PLCC=0.9142, RMSE=0.9290
Epoch 46 averaged training loss: 1.2217
The current learning rate is 0.000030
Epoch 46 training time cost: 38.4311 seconds
Test results: SROCC=0.8635, KROCC=0.6794, PLCC=0.9119, RMSE=0.9411
Epoch 47 averaged training loss: 1.0242
The current learning rate is 0.000030
Epoch 47 training time cost: 38.5411 seconds
Test results: SROCC=0.8467, KROCC=0.6539, PLCC=0.8999, RMSE=0.9996
Epoch 48 averaged training loss: 1.0269
The current learning rate is 0.000027
Epoch 48 training time cost: 38.0224 seconds
Test results: SROCC=0.9203, KROCC=0.7491, PLCC=0.9519, RMSE=0.7027
Epoch 49 averaged training loss: 1.1689
The current learning rate is 0.000027
Epoch 49 training time cost: 38.7611 seconds
Test results: SROCC=0.9324, KROCC=0.7700, PLCC=0.9574, RMSE=0.6620
Epoch 50 averaged training loss: 1.0250
The current learning rate is 0.000027
Epoch 50 training time cost: 39.0894 seconds
Test results: SROCC=0.8308, KROCC=0.6237, PLCC=0.9001, RMSE=0.9987
SJTU
The best Val results: SROCC=0.9366, KROCC=0.8002, PLCC=0.9663, RMSE=0.5903
*************************************************************************************************************************
The current k_fold_id is 3
Trainging set: csvfiles/sjtu_data_info/train_3.csv
Using model: MM-PCQA
Using l2rank loss
Using Adam optimizer, initial learning rate: 5e-05
Ready to train network
*************************************************************************************************************************
Epoch 1 averaged training loss: 7.4222
The current learning rate is 0.000050
Epoch 1 training time cost: 39.1236 seconds
Test results: SROCC=0.8182, KROCC=0.6066, PLCC=0.8533, RMSE=1.2802
Update best model using best_val_criterion 
Update the best Test results: SROCC=0.8182, KROCC=0.6066, PLCC=0.8533, RMSE=1.2802
Epoch 2 averaged training loss: 3.8913
The current learning rate is 0.000050
Epoch 2 training time cost: 38.9113 seconds
Test results: SROCC=0.6956, KROCC=0.4951, PLCC=0.7427, RMSE=1.6441
Epoch 3 averaged training loss: 3.4083
The current learning rate is 0.000050
Epoch 3 training time cost: 38.4811 seconds
Test results: SROCC=0.8813, KROCC=0.7135, PLCC=0.8906, RMSE=1.1166
Update best model using best_val_criterion 
Update the best Test results: SROCC=0.8813, KROCC=0.7135, PLCC=0.8906, RMSE=1.1166
Epoch 4 averaged training loss: 2.8273
The current learning rate is 0.000050
Epoch 4 training time cost: 38.3143 seconds
Test results: SROCC=0.9131, KROCC=0.7414, PLCC=0.9156, RMSE=0.9874
Update best model using best_val_criterion 
Update the best Test results: SROCC=0.9131, KROCC=0.7414, PLCC=0.9156, RMSE=0.9874
Epoch 5 averaged training loss: 3.6131
The current learning rate is 0.000050
Epoch 5 training time cost: 38.0202 seconds
Test results: SROCC=0.9023, KROCC=0.7368, PLCC=0.9046, RMSE=1.0467
Epoch 6 averaged training loss: 2.7657
The current learning rate is 0.000050
Epoch 6 training time cost: 38.2113 seconds
Test results: SROCC=0.9069, KROCC=0.7321, PLCC=0.9163, RMSE=0.9835
Epoch 7 averaged training loss: 2.6755
The current learning rate is 0.000050
Epoch 7 training time cost: 38.3929 seconds
Test results: SROCC=0.8646, KROCC=0.6833, PLCC=0.8884, RMSE=1.1270
Epoch 8 averaged training loss: 3.5806
The current learning rate is 0.000045
Epoch 8 training time cost: 38.2569 seconds
Test results: SROCC=0.6901, KROCC=0.5392, PLCC=0.7205, RMSE=1.7025
Epoch 9 averaged training loss: 2.4432
The current learning rate is 0.000045
Epoch 9 training time cost: 38.1425 seconds
Test results: SROCC=0.8087, KROCC=0.6299, PLCC=0.8034, RMSE=1.4618
Epoch 10 averaged training loss: 1.9431
The current learning rate is 0.000045
Epoch 10 training time cost: 38.0647 seconds
Test results: SROCC=0.9116, KROCC=0.7531, PLCC=0.9308, RMSE=0.8975
Epoch 11 averaged training loss: 2.5237
The current learning rate is 0.000045
Epoch 11 training time cost: 37.9561 seconds
Test results: SROCC=0.8459, KROCC=0.6485, PLCC=0.8612, RMSE=1.2478
Epoch 12 averaged training loss: 2.0976
The current learning rate is 0.000045
Epoch 12 training time cost: 37.9798 seconds
Test results: SROCC=0.8787, KROCC=0.7042, PLCC=0.8922, RMSE=1.1089
Epoch 13 averaged training loss: 2.1334
The current learning rate is 0.000045
Epoch 13 training time cost: 37.9364 seconds
Test results: SROCC=0.9115, KROCC=0.7461, PLCC=0.9126, RMSE=1.0037
Epoch 14 averaged training loss: 2.5243
The current learning rate is 0.000045
Epoch 14 training time cost: 38.3424 seconds
Test results: SROCC=0.8973, KROCC=0.7368, PLCC=0.9037, RMSE=1.0512
Epoch 15 averaged training loss: 1.8533
The current learning rate is 0.000045
Epoch 15 training time cost: 38.2492 seconds
Test results: SROCC=0.8950, KROCC=0.7135, PLCC=0.9099, RMSE=1.0184
Epoch 16 averaged training loss: 1.5967
The current learning rate is 0.000041
Epoch 16 training time cost: 37.8054 seconds
Test results: SROCC=0.9094, KROCC=0.7298, PLCC=0.9191, RMSE=0.9671
Epoch 17 averaged training loss: 1.6528
The current learning rate is 0.000041
Epoch 17 training time cost: 37.9936 seconds
Test results: SROCC=0.9200, KROCC=0.7507, PLCC=0.9367, RMSE=0.8596
Update best model using best_val_criterion 
Update the best Test results: SROCC=0.9200, KROCC=0.7507, PLCC=0.9367, RMSE=0.8596
Epoch 18 averaged training loss: 1.6183
The current learning rate is 0.000041
Epoch 18 training time cost: 37.6326 seconds
Test results: SROCC=0.9197, KROCC=0.7554, PLCC=0.9327, RMSE=0.8855
Epoch 19 averaged training loss: 1.5446
The current learning rate is 0.000041
Epoch 19 training time cost: 37.4282 seconds
Test results: SROCC=0.9224, KROCC=0.7461, PLCC=0.9276, RMSE=0.9171
Update best model using best_val_criterion 
Update the best Test results: SROCC=0.9224, KROCC=0.7461, PLCC=0.9276, RMSE=0.9171
Epoch 20 averaged training loss: 1.4242
The current learning rate is 0.000041
Epoch 20 training time cost: 37.8746 seconds
Test results: SROCC=0.9440, KROCC=0.7995, PLCC=0.9443, RMSE=0.8077
Update best model using best_val_criterion 
Update the best Test results: SROCC=0.9440, KROCC=0.7995, PLCC=0.9443, RMSE=0.8077
Epoch 21 averaged training loss: 1.5080
The current learning rate is 0.000041
Epoch 21 training time cost: 38.3411 seconds
Test results: SROCC=0.8953, KROCC=0.7228, PLCC=0.9077, RMSE=1.0303
Epoch 22 averaged training loss: 1.2616
The current learning rate is 0.000041
Epoch 22 training time cost: 38.0144 seconds
Test results: SROCC=0.9223, KROCC=0.7740, PLCC=0.9287, RMSE=0.9105
Epoch 23 averaged training loss: 1.3764
The current learning rate is 0.000041
Epoch 23 training time cost: 37.8288 seconds
Test results: SROCC=0.9504, KROCC=0.8228, PLCC=0.9521, RMSE=0.7509
Update best model using best_val_criterion 
Update the best Test results: SROCC=0.9504, KROCC=0.8228, PLCC=0.9521, RMSE=0.7509
Epoch 24 averaged training loss: 1.6245
The current learning rate is 0.000036
Epoch 24 training time cost: 37.8608 seconds
Test results: SROCC=0.9539, KROCC=0.8274, PLCC=0.9549, RMSE=0.7288
Update best model using best_val_criterion 
Update the best Test results: SROCC=0.9539, KROCC=0.8274, PLCC=0.9549, RMSE=0.7288
Epoch 25 averaged training loss: 1.6517
The current learning rate is 0.000036
Epoch 25 training time cost: 38.2496 seconds
Test results: SROCC=0.9298, KROCC=0.7833, PLCC=0.9326, RMSE=0.8860
Epoch 26 averaged training loss: 1.6397
The current learning rate is 0.000036
Epoch 26 training time cost: 38.4678 seconds
Test results: SROCC=0.9460, KROCC=0.8065, PLCC=0.9434, RMSE=0.8141
Epoch 27 averaged training loss: 1.7667
The current learning rate is 0.000036
Epoch 27 training time cost: 37.9822 seconds
Test results: SROCC=0.9463, KROCC=0.7949, PLCC=0.9504, RMSE=0.7637
Epoch 28 averaged training loss: 1.8103
The current learning rate is 0.000036
Epoch 28 training time cost: 38.4088 seconds
Test results: SROCC=0.9267, KROCC=0.7763, PLCC=0.9401, RMSE=0.8368
Epoch 29 averaged training loss: 1.4403
The current learning rate is 0.000036
Epoch 29 training time cost: 37.9784 seconds
Test results: SROCC=0.9256, KROCC=0.7716, PLCC=0.9360, RMSE=0.8645
Epoch 30 averaged training loss: 1.5921
The current learning rate is 0.000036
Epoch 30 training time cost: 37.7814 seconds
Test results: SROCC=0.9239, KROCC=0.7531, PLCC=0.9346, RMSE=0.8730
Epoch 31 averaged training loss: 1.5877
The current learning rate is 0.000036
Epoch 31 training time cost: 37.8707 seconds
Test results: SROCC=0.9419, KROCC=0.7972, PLCC=0.9460, RMSE=0.7960
Epoch 32 averaged training loss: 1.3155
The current learning rate is 0.000033
Epoch 32 training time cost: 37.7187 seconds
Test results: SROCC=0.9188, KROCC=0.7507, PLCC=0.9279, RMSE=0.9152
Epoch 33 averaged training loss: 1.2325
The current learning rate is 0.000033
Epoch 33 training time cost: 38.8483 seconds
Test results: SROCC=0.9314, KROCC=0.7786, PLCC=0.9283, RMSE=0.9131
Epoch 34 averaged training loss: 1.4581
The current learning rate is 0.000033
Epoch 34 training time cost: 38.7449 seconds
Test results: SROCC=0.9265, KROCC=0.7600, PLCC=0.9290, RMSE=0.9084
Epoch 35 averaged training loss: 1.4548
The current learning rate is 0.000033
Epoch 35 training time cost: 37.8574 seconds
Test results: SROCC=0.9315, KROCC=0.7809, PLCC=0.9353, RMSE=0.8689
Epoch 36 averaged training loss: 1.5303
The current learning rate is 0.000033
Epoch 36 training time cost: 37.8450 seconds
Test results: SROCC=0.9190, KROCC=0.7554, PLCC=0.9269, RMSE=0.9215
Epoch 37 averaged training loss: 1.4276
The current learning rate is 0.000033
Epoch 37 training time cost: 38.2221 seconds
Test results: SROCC=0.9415, KROCC=0.7856, PLCC=0.9403, RMSE=0.8358
Epoch 38 averaged training loss: 1.1190
The current learning rate is 0.000033
Epoch 38 training time cost: 38.6042 seconds
Test results: SROCC=0.9201, KROCC=0.7438, PLCC=0.9095, RMSE=1.0208
Epoch 39 averaged training loss: 1.1884
The current learning rate is 0.000033
Epoch 39 training time cost: 38.4037 seconds
Test results: SROCC=0.9135, KROCC=0.7531, PLCC=0.9116, RMSE=1.0091
Epoch 40 averaged training loss: 1.2547
The current learning rate is 0.000030
Epoch 40 training time cost: 38.4967 seconds
Test results: SROCC=0.8809, KROCC=0.6973, PLCC=0.8967, RMSE=1.0870
Epoch 41 averaged training loss: 1.2945
The current learning rate is 0.000030
Epoch 41 training time cost: 37.8927 seconds
Test results: SROCC=0.9286, KROCC=0.7693, PLCC=0.9375, RMSE=0.8543
Epoch 42 averaged training loss: 1.2150
The current learning rate is 0.000030
Epoch 42 training time cost: 38.4610 seconds
Test results: SROCC=0.9502, KROCC=0.8274, PLCC=0.9506, RMSE=0.7618
Epoch 43 averaged training loss: 1.0221
The current learning rate is 0.000030
Epoch 43 training time cost: 38.5406 seconds
Test results: SROCC=0.9255, KROCC=0.7600, PLCC=0.9277, RMSE=0.9167
Epoch 44 averaged training loss: 1.0674
The current learning rate is 0.000030
Epoch 44 training time cost: 39.0385 seconds
Test results: SROCC=0.9274, KROCC=0.7647, PLCC=0.9329, RMSE=0.8840
Epoch 45 averaged training loss: 1.2402
The current learning rate is 0.000030
Epoch 45 training time cost: 38.1011 seconds
Test results: SROCC=0.9264, KROCC=0.7740, PLCC=0.9258, RMSE=0.9281
Epoch 46 averaged training loss: 1.1380
The current learning rate is 0.000030
Epoch 46 training time cost: 38.0943 seconds
Test results: SROCC=0.9466, KROCC=0.8088, PLCC=0.9424, RMSE=0.8212
Epoch 47 averaged training loss: 1.2696
The current learning rate is 0.000030
Epoch 47 training time cost: 38.4481 seconds
Test results: SROCC=0.9465, KROCC=0.8112, PLCC=0.9486, RMSE=0.7772
Epoch 48 averaged training loss: 1.1275
The current learning rate is 0.000027
Epoch 48 training time cost: 37.8581 seconds
Test results: SROCC=0.9247, KROCC=0.7763, PLCC=0.9274, RMSE=0.9182
Epoch 49 averaged training loss: 0.9269
The current learning rate is 0.000027
Epoch 49 training time cost: 38.4554 seconds
Test results: SROCC=0.8975, KROCC=0.7275, PLCC=0.9028, RMSE=1.0559
Epoch 50 averaged training loss: 1.1821
The current learning rate is 0.000027
Epoch 50 training time cost: 38.1787 seconds
Test results: SROCC=0.9534, KROCC=0.8088, PLCC=0.9480, RMSE=0.7812
SJTU
The best Val results: SROCC=0.9539, KROCC=0.8274, PLCC=0.9549, RMSE=0.7288
*************************************************************************************************************************
The current k_fold_id is 4
Trainging set: csvfiles/sjtu_data_info/train_4.csv
Using model: MM-PCQA
Using l2rank loss
Using Adam optimizer, initial learning rate: 5e-05
Ready to train network
*************************************************************************************************************************
Epoch 1 averaged training loss: 7.5501
The current learning rate is 0.000050
Epoch 1 training time cost: 38.2532 seconds
Test results: SROCC=0.4962, KROCC=0.3264, PLCC=0.6571, RMSE=1.8741
Update best model using best_val_criterion 
Update the best Test results: SROCC=0.4962, KROCC=0.3264, PLCC=0.6571, RMSE=1.8741
Epoch 2 averaged training loss: 3.7502
The current learning rate is 0.000050
Epoch 2 training time cost: 37.7798 seconds
Test results: SROCC=0.8780, KROCC=0.7096, PLCC=0.9023, RMSE=1.0718
Update best model using best_val_criterion 
Update the best Test results: SROCC=0.8780, KROCC=0.7096, PLCC=0.9023, RMSE=1.0718
Epoch 3 averaged training loss: 3.7452
The current learning rate is 0.000050
Epoch 3 training time cost: 37.6175 seconds
Test results: SROCC=0.7384, KROCC=0.5331, PLCC=0.7835, RMSE=1.5447
Epoch 4 averaged training loss: 2.5068
The current learning rate is 0.000050
Epoch 4 training time cost: 37.7336 seconds
Test results: SROCC=0.7652, KROCC=0.5958, PLCC=0.7941, RMSE=1.5110
Epoch 5 averaged training loss: 2.6096
The current learning rate is 0.000050
Epoch 5 training time cost: 37.9557 seconds
Test results: SROCC=0.8815, KROCC=0.7166, PLCC=0.8994, RMSE=1.0868
Update best model using best_val_criterion 
Update the best Test results: SROCC=0.8815, KROCC=0.7166, PLCC=0.8994, RMSE=1.0868
Epoch 6 averaged training loss: 3.2150
The current learning rate is 0.000050
Epoch 6 training time cost: 37.8398 seconds
Test results: SROCC=0.9245, KROCC=0.7607, PLCC=0.9391, RMSE=0.8544
Update best model using best_val_criterion 
Update the best Test results: SROCC=0.9245, KROCC=0.7607, PLCC=0.9391, RMSE=0.8544
Epoch 7 averaged training loss: 2.8873
The current learning rate is 0.000050
Epoch 7 training time cost: 37.9831 seconds
Test results: SROCC=0.8642, KROCC=0.6748, PLCC=0.8957, RMSE=1.1057
Epoch 8 averaged training loss: 2.5407
The current learning rate is 0.000045
Epoch 8 training time cost: 38.7134 seconds
Test results: SROCC=0.9332, KROCC=0.7793, PLCC=0.9504, RMSE=0.7736
Update best model using best_val_criterion 
Update the best Test results: SROCC=0.9332, KROCC=0.7793, PLCC=0.9504, RMSE=0.7736
Epoch 9 averaged training loss: 2.3752
The current learning rate is 0.000045
Epoch 9 training time cost: 38.2957 seconds
Test results: SROCC=0.9003, KROCC=0.7259, PLCC=0.9090, RMSE=1.0362
Epoch 10 averaged training loss: 1.7613
The current learning rate is 0.000045
Epoch 10 training time cost: 37.9709 seconds
Test results: SROCC=0.9034, KROCC=0.7120, PLCC=0.9272, RMSE=0.9314
Epoch 11 averaged training loss: 2.1175
The current learning rate is 0.000045
Epoch 11 training time cost: 38.0423 seconds
Test results: SROCC=0.8704, KROCC=0.6794, PLCC=0.8829, RMSE=1.1672
Epoch 12 averaged training loss: 2.2006
The current learning rate is 0.000045
Epoch 12 training time cost: 37.7821 seconds
Test results: SROCC=0.8982, KROCC=0.7166, PLCC=0.9033, RMSE=1.0666
Epoch 13 averaged training loss: 2.0127
The current learning rate is 0.000045
Epoch 13 training time cost: 37.8664 seconds
Test results: SROCC=0.8499, KROCC=0.6585, PLCC=0.8779, RMSE=1.1904
Epoch 14 averaged training loss: 2.3096
The current learning rate is 0.000045
Epoch 14 training time cost: 38.2495 seconds
Test results: SROCC=0.9156, KROCC=0.7422, PLCC=0.9314, RMSE=0.9049
Epoch 15 averaged training loss: 1.8562
The current learning rate is 0.000045
Epoch 15 training time cost: 38.0465 seconds
Test results: SROCC=0.8606, KROCC=0.6585, PLCC=0.8784, RMSE=1.1881
Epoch 16 averaged training loss: 1.6819
The current learning rate is 0.000041
Epoch 16 training time cost: 37.7908 seconds
Test results: SROCC=0.9400, KROCC=0.7886, PLCC=0.9528, RMSE=0.7547
Update best model using best_val_criterion 
Update the best Test results: SROCC=0.9400, KROCC=0.7886, PLCC=0.9528, RMSE=0.7547
Epoch 17 averaged training loss: 2.1075
The current learning rate is 0.000041
Epoch 17 training time cost: 38.8790 seconds
Test results: SROCC=0.9039, KROCC=0.7422, PLCC=0.9125, RMSE=1.0168
Epoch 18 averaged training loss: 1.7688
The current learning rate is 0.000041
Epoch 18 training time cost: 38.7162 seconds
Test results: SROCC=0.8974, KROCC=0.7259, PLCC=0.9114, RMSE=1.0230
Epoch 19 averaged training loss: 2.0528
The current learning rate is 0.000041
Epoch 19 training time cost: 38.3413 seconds
Test results: SROCC=0.8930, KROCC=0.7166, PLCC=0.8915, RMSE=1.1260
Epoch 20 averaged training loss: 1.8209
The current learning rate is 0.000041
Epoch 20 training time cost: 38.2037 seconds
Test results: SROCC=0.9318, KROCC=0.7816, PLCC=0.9324, RMSE=0.8985
Epoch 21 averaged training loss: 1.7515
The current learning rate is 0.000041
Epoch 21 training time cost: 38.3249 seconds
Test results: SROCC=0.9117, KROCC=0.7468, PLCC=0.9156, RMSE=0.9997
Epoch 22 averaged training loss: 1.6242
The current learning rate is 0.000041
Epoch 22 training time cost: 37.7494 seconds
Test results: SROCC=0.8352, KROCC=0.6423, PLCC=0.8541, RMSE=1.2929
Epoch 23 averaged training loss: 1.8178
The current learning rate is 0.000041
Epoch 23 training time cost: 37.9446 seconds
Test results: SROCC=0.8577, KROCC=0.6678, PLCC=0.8838, RMSE=1.1634
Epoch 24 averaged training loss: 1.5150
The current learning rate is 0.000036
Epoch 24 training time cost: 37.9100 seconds
Test results: SROCC=0.9120, KROCC=0.7398, PLCC=0.9226, RMSE=0.9593
Epoch 25 averaged training loss: 1.4871
The current learning rate is 0.000036
Epoch 25 training time cost: 38.9245 seconds
Test results: SROCC=0.9088, KROCC=0.7468, PLCC=0.9185, RMSE=0.9833
Epoch 26 averaged training loss: 1.4544
The current learning rate is 0.000036
Epoch 26 training time cost: 38.2199 seconds
Test results: SROCC=0.9114, KROCC=0.7491, PLCC=0.9159, RMSE=0.9977
Epoch 27 averaged training loss: 1.4287
The current learning rate is 0.000036
Epoch 27 training time cost: 38.2062 seconds
Test results: SROCC=0.9251, KROCC=0.7631, PLCC=0.9330, RMSE=0.8944
Epoch 28 averaged training loss: 1.2275
The current learning rate is 0.000036
Epoch 28 training time cost: 37.6894 seconds
Test results: SROCC=0.9157, KROCC=0.7468, PLCC=0.9216, RMSE=0.9647
Epoch 29 averaged training loss: 1.1725
The current learning rate is 0.000036
Epoch 29 training time cost: 37.8434 seconds
Test results: SROCC=0.8710, KROCC=0.6957, PLCC=0.8940, RMSE=1.1137
Epoch 30 averaged training loss: 1.3470
The current learning rate is 0.000036
Epoch 30 training time cost: 37.7339 seconds
Test results: SROCC=0.9020, KROCC=0.7305, PLCC=0.9100, RMSE=1.0310
Epoch 31 averaged training loss: 1.6131
The current learning rate is 0.000036
Epoch 31 training time cost: 38.1441 seconds
Test results: SROCC=0.9139, KROCC=0.7538, PLCC=0.9322, RMSE=0.8996
Epoch 32 averaged training loss: 1.2774
The current learning rate is 0.000033
Epoch 32 training time cost: 37.8774 seconds
Test results: SROCC=0.9314, KROCC=0.7770, PLCC=0.9438, RMSE=0.8220
Epoch 33 averaged training loss: 1.1937
The current learning rate is 0.000033
Epoch 33 training time cost: 38.2564 seconds
Test results: SROCC=0.9002, KROCC=0.7329, PLCC=0.9125, RMSE=1.0169
Epoch 34 averaged training loss: 1.3489
The current learning rate is 0.000033
Epoch 34 training time cost: 38.5696 seconds
Test results: SROCC=0.8951, KROCC=0.7027, PLCC=0.9016, RMSE=1.0754
Epoch 35 averaged training loss: 1.5035
The current learning rate is 0.000033
Epoch 35 training time cost: 39.3774 seconds
Test results: SROCC=0.8201, KROCC=0.6400, PLCC=0.8463, RMSE=1.3245
Epoch 36 averaged training loss: 1.1696
The current learning rate is 0.000033
Epoch 36 training time cost: 38.4106 seconds
Test results: SROCC=0.9003, KROCC=0.7189, PLCC=0.9067, RMSE=1.0484
Epoch 37 averaged training loss: 1.2899
The current learning rate is 0.000033
Epoch 37 training time cost: 38.0162 seconds
Test results: SROCC=0.8964, KROCC=0.7259, PLCC=0.9169, RMSE=0.9924
Epoch 38 averaged training loss: 1.3872
The current learning rate is 0.000033
Epoch 38 training time cost: 38.5940 seconds
Test results: SROCC=0.9258, KROCC=0.7584, PLCC=0.9388, RMSE=0.8561
Epoch 39 averaged training loss: 1.2988
The current learning rate is 0.000033
Epoch 39 training time cost: 38.4436 seconds
Test results: SROCC=0.9360, KROCC=0.7724, PLCC=0.9486, RMSE=0.7864
Epoch 40 averaged training loss: 1.3968
The current learning rate is 0.000030
Epoch 40 training time cost: 38.1059 seconds
Test results: SROCC=0.8629, KROCC=0.6818, PLCC=0.8941, RMSE=1.1135
Epoch 41 averaged training loss: 1.0344
The current learning rate is 0.000030
Epoch 41 training time cost: 38.4854 seconds
Test results: SROCC=0.9284, KROCC=0.7793, PLCC=0.9469, RMSE=0.7990
Epoch 42 averaged training loss: 0.9139
The current learning rate is 0.000030
Epoch 42 training time cost: 37.9480 seconds
Test results: SROCC=0.9295, KROCC=0.7515, PLCC=0.9480, RMSE=0.7913
Epoch 43 averaged training loss: 1.1731
The current learning rate is 0.000030
Epoch 43 training time cost: 38.2881 seconds
Test results: SROCC=0.9094, KROCC=0.7329, PLCC=0.9179, RMSE=0.9864
Epoch 44 averaged training loss: 1.1912
The current learning rate is 0.000030
Epoch 44 training time cost: 37.4630 seconds
Test results: SROCC=0.9190, KROCC=0.7491, PLCC=0.9379, RMSE=0.8624
Epoch 45 averaged training loss: 1.1106
The current learning rate is 0.000030
Epoch 45 training time cost: 37.9841 seconds
Test results: SROCC=0.9353, KROCC=0.7886, PLCC=0.9534, RMSE=0.7505
Epoch 46 averaged training loss: 1.0785
The current learning rate is 0.000030
Epoch 46 training time cost: 38.1577 seconds
Test results: SROCC=0.9451, KROCC=0.8049, PLCC=0.9586, RMSE=0.7081
Update best model using best_val_criterion 
Update the best Test results: SROCC=0.9451, KROCC=0.8049, PLCC=0.9586, RMSE=0.7081
Epoch 47 averaged training loss: 0.9861
The current learning rate is 0.000030
Epoch 47 training time cost: 38.0742 seconds
Test results: SROCC=0.9517, KROCC=0.8095, PLCC=0.9616, RMSE=0.6820
Update best model using best_val_criterion 
Update the best Test results: SROCC=0.9517, KROCC=0.8095, PLCC=0.9616, RMSE=0.6820
Epoch 48 averaged training loss: 1.0616
The current learning rate is 0.000027
Epoch 48 training time cost: 38.5909 seconds
Test results: SROCC=0.9493, KROCC=0.8118, PLCC=0.9607, RMSE=0.6899
Epoch 49 averaged training loss: 1.0807
The current learning rate is 0.000027
Epoch 49 training time cost: 38.4630 seconds
Test results: SROCC=0.9441, KROCC=0.7933, PLCC=0.9583, RMSE=0.7103
Epoch 50 averaged training loss: 1.0243
The current learning rate is 0.000027
Epoch 50 training time cost: 38.2243 seconds
Test results: SROCC=0.9483, KROCC=0.8142, PLCC=0.9602, RMSE=0.6944
SJTU
The best Val results: SROCC=0.9517, KROCC=0.8095, PLCC=0.9616, RMSE=0.6820
*************************************************************************************************************************
The current k_fold_id is 5
Trainging set: csvfiles/sjtu_data_info/train_5.csv
Using model: MM-PCQA
Using l2rank loss
Using Adam optimizer, initial learning rate: 5e-05
Ready to train network
*************************************************************************************************************************
Epoch 1 averaged training loss: 7.1577
The current learning rate is 0.000050
Epoch 1 training time cost: 37.9188 seconds
Test results: SROCC=0.7135, KROCC=0.5122, PLCC=0.7883, RMSE=1.5568
Update best model using best_val_criterion 
Update the best Test results: SROCC=0.7135, KROCC=0.5122, PLCC=0.7883, RMSE=1.5568
Epoch 2 averaged training loss: 3.3227
The current learning rate is 0.000050
Epoch 2 training time cost: 38.1345 seconds
Test results: SROCC=0.7016, KROCC=0.5192, PLCC=0.8688, RMSE=1.2527
Epoch 3 averaged training loss: 2.8426
The current learning rate is 0.000050
Epoch 3 training time cost: 38.9892 seconds
Test results: SROCC=0.7344, KROCC=0.5540, PLCC=0.9112, RMSE=1.0426
Update best model using best_val_criterion 
Update the best Test results: SROCC=0.7344, KROCC=0.5540, PLCC=0.9112, RMSE=1.0426
Epoch 4 averaged training loss: 2.6208
The current learning rate is 0.000050
Epoch 4 training time cost: 38.4565 seconds
Test results: SROCC=0.6311, KROCC=0.4611, PLCC=0.9089, RMSE=1.0550
Epoch 5 averaged training loss: 2.5830
The current learning rate is 0.000050
Epoch 5 training time cost: 38.4163 seconds
Test results: SROCC=0.7140, KROCC=0.5192, PLCC=0.8795, RMSE=1.2043
Epoch 6 averaged training loss: 2.6120
The current learning rate is 0.000050
Epoch 6 training time cost: 37.8833 seconds
Test results: SROCC=0.7480, KROCC=0.5679, PLCC=0.8631, RMSE=1.2779
Update best model using best_val_criterion 
Update the best Test results: SROCC=0.7480, KROCC=0.5679, PLCC=0.8631, RMSE=1.2779
Epoch 7 averaged training loss: 2.7016
The current learning rate is 0.000050
Epoch 7 training time cost: 37.8483 seconds
Test results: SROCC=0.4992, KROCC=0.3473, PLCC=0.6925, RMSE=1.8255
Epoch 8 averaged training loss: 2.8910
The current learning rate is 0.000045
Epoch 8 training time cost: 38.0281 seconds
Test results: SROCC=0.7569, KROCC=0.5587, PLCC=0.8643, RMSE=1.2725
Update best model using best_val_criterion 
Update the best Test results: SROCC=0.7569, KROCC=0.5587, PLCC=0.8643, RMSE=1.2725
Epoch 9 averaged training loss: 2.1236
The current learning rate is 0.000045
Epoch 9 training time cost: 39.3455 seconds
Test results: SROCC=0.7247, KROCC=0.5354, PLCC=0.8988, RMSE=1.1093
Epoch 10 averaged training loss: 2.2646
The current learning rate is 0.000045
Epoch 10 training time cost: 37.6737 seconds
Test results: SROCC=0.7636, KROCC=0.5958, PLCC=0.9059, RMSE=1.0715
Update best model using best_val_criterion 
Update the best Test results: SROCC=0.7636, KROCC=0.5958, PLCC=0.9059, RMSE=1.0715
Epoch 11 averaged training loss: 2.2551
The current learning rate is 0.000045
Epoch 11 training time cost: 37.9522 seconds
Test results: SROCC=0.7110, KROCC=0.5099, PLCC=0.8513, RMSE=1.3277
Epoch 12 averaged training loss: 1.8040
The current learning rate is 0.000045
Epoch 12 training time cost: 38.0657 seconds
Test results: SROCC=0.7815, KROCC=0.5796, PLCC=0.8303, RMSE=1.4102
Update best model using best_val_criterion 
Update the best Test results: SROCC=0.7815, KROCC=0.5796, PLCC=0.8303, RMSE=1.4102
Epoch 13 averaged training loss: 1.7402
The current learning rate is 0.000045
Epoch 13 training time cost: 38.0973 seconds
Test results: SROCC=0.7413, KROCC=0.5633, PLCC=0.9003, RMSE=1.1014
Epoch 14 averaged training loss: 2.0816
The current learning rate is 0.000045
Epoch 14 training time cost: 38.1483 seconds
Test results: SROCC=0.7266, KROCC=0.5424, PLCC=0.8292, RMSE=1.4141
Epoch 15 averaged training loss: 1.8117
The current learning rate is 0.000045
Epoch 15 training time cost: 37.7760 seconds
Test results: SROCC=0.7645, KROCC=0.5749, PLCC=0.8910, RMSE=1.1489
Epoch 16 averaged training loss: 2.0017
The current learning rate is 0.000041
Epoch 16 training time cost: 38.3056 seconds
Test results: SROCC=0.5491, KROCC=0.3519, PLCC=0.8273, RMSE=1.4215
Epoch 17 averaged training loss: 2.0693
The current learning rate is 0.000041
Epoch 17 training time cost: 38.0604 seconds
Test results: SROCC=0.7971, KROCC=0.6190, PLCC=0.9200, RMSE=0.9918
Update best model using best_val_criterion 
Update the best Test results: SROCC=0.7971, KROCC=0.6190, PLCC=0.9200, RMSE=0.9918
Epoch 18 averaged training loss: 1.7124
The current learning rate is 0.000041
Epoch 18 training time cost: 38.0572 seconds
Test results: SROCC=0.8152, KROCC=0.6492, PLCC=0.9314, RMSE=0.9209
Update best model using best_val_criterion 
Update the best Test results: SROCC=0.8152, KROCC=0.6492, PLCC=0.9314, RMSE=0.9209
Epoch 19 averaged training loss: 1.4368
The current learning rate is 0.000041
Epoch 19 training time cost: 38.7262 seconds
Test results: SROCC=0.7634, KROCC=0.6005, PLCC=0.9340, RMSE=0.9038
Epoch 20 averaged training loss: 1.4502
The current learning rate is 0.000041
Epoch 20 training time cost: 38.4758 seconds
Test results: SROCC=0.7746, KROCC=0.5865, PLCC=0.9131, RMSE=1.0316
Epoch 21 averaged training loss: 1.6413
The current learning rate is 0.000041
Epoch 21 training time cost: 38.4947 seconds
Test results: SROCC=0.8169, KROCC=0.6539, PLCC=0.9285, RMSE=0.9394
Update best model using best_val_criterion 
Update the best Test results: SROCC=0.8169, KROCC=0.6539, PLCC=0.9285, RMSE=0.9394
Epoch 22 averaged training loss: 1.4626
The current learning rate is 0.000041
Epoch 22 training time cost: 38.1150 seconds
Test results: SROCC=0.7987, KROCC=0.6190, PLCC=0.9041, RMSE=1.0813
Epoch 23 averaged training loss: 1.4998
The current learning rate is 0.000041
Epoch 23 training time cost: 38.6700 seconds
Test results: SROCC=0.8070, KROCC=0.6260, PLCC=0.9149, RMSE=1.0213
Epoch 24 averaged training loss: 1.6394
The current learning rate is 0.000036
Epoch 24 training time cost: 38.1883 seconds
Test results: SROCC=0.8550, KROCC=0.6794, PLCC=0.9447, RMSE=0.8294
Update best model using best_val_criterion 
Update the best Test results: SROCC=0.8550, KROCC=0.6794, PLCC=0.9447, RMSE=0.8294
Epoch 25 averaged training loss: 1.6071
The current learning rate is 0.000036
Epoch 25 training time cost: 37.6786 seconds
Test results: SROCC=0.8149, KROCC=0.6237, PLCC=0.8932, RMSE=1.1377
Epoch 26 averaged training loss: 1.6403
The current learning rate is 0.000036
Epoch 26 training time cost: 38.4309 seconds
Test results: SROCC=0.8527, KROCC=0.6864, PLCC=0.9411, RMSE=0.8556
Epoch 27 averaged training loss: 1.3045
The current learning rate is 0.000036
Epoch 27 training time cost: 38.0125 seconds
Test results: SROCC=0.8407, KROCC=0.6492, PLCC=0.9393, RMSE=0.8679
Epoch 28 averaged training loss: 1.3126
The current learning rate is 0.000036
Epoch 28 training time cost: 38.9073 seconds
Test results: SROCC=0.8681, KROCC=0.6887, PLCC=0.9306, RMSE=0.9259
Update best model using best_val_criterion 
Update the best Test results: SROCC=0.8681, KROCC=0.6887, PLCC=0.9306, RMSE=0.9259
Epoch 29 averaged training loss: 1.2930
The current learning rate is 0.000036
Epoch 29 training time cost: 38.2487 seconds
Test results: SROCC=0.8603, KROCC=0.6794, PLCC=0.9390, RMSE=0.8703
Epoch 30 averaged training loss: 1.6626
The current learning rate is 0.000036
Epoch 30 training time cost: 38.2985 seconds
Test results: SROCC=0.8456, KROCC=0.6678, PLCC=0.9300, RMSE=0.9301
Epoch 31 averaged training loss: 1.3562
The current learning rate is 0.000036
Epoch 31 training time cost: 38.0655 seconds
Test results: SROCC=0.8340, KROCC=0.6585, PLCC=0.9326, RMSE=0.9132
Epoch 32 averaged training loss: 1.4337
The current learning rate is 0.000033
Epoch 32 training time cost: 37.9622 seconds
Test results: SROCC=0.8454, KROCC=0.6794, PLCC=0.9458, RMSE=0.8218
Epoch 33 averaged training loss: 1.2546
The current learning rate is 0.000033
Epoch 33 training time cost: 38.2502 seconds
Test results: SROCC=0.8303, KROCC=0.6469, PLCC=0.9302, RMSE=0.9289
Epoch 34 averaged training loss: 1.3770
The current learning rate is 0.000033
Epoch 34 training time cost: 39.0749 seconds
Test results: SROCC=0.7950, KROCC=0.6051, PLCC=0.8852, RMSE=1.1773
Epoch 35 averaged training loss: 1.1263
The current learning rate is 0.000033
Epoch 35 training time cost: 38.1720 seconds
Test results: SROCC=0.8311, KROCC=0.6655, PLCC=0.9343, RMSE=0.9021
Epoch 36 averaged training loss: 1.2616
The current learning rate is 0.000033
Epoch 36 training time cost: 37.7172 seconds
Test results: SROCC=0.8350, KROCC=0.6655, PLCC=0.9288, RMSE=0.9377
Epoch 37 averaged training loss: 1.0880
The current learning rate is 0.000033
Epoch 37 training time cost: 37.8237 seconds
Test results: SROCC=0.8362, KROCC=0.6748, PLCC=0.9259, RMSE=0.9556
Epoch 38 averaged training loss: 0.9563
The current learning rate is 0.000033
Epoch 38 training time cost: 37.6187 seconds
Test results: SROCC=0.8384, KROCC=0.6702, PLCC=0.9371, RMSE=0.8831
Epoch 39 averaged training loss: 1.0584
The current learning rate is 0.000033
Epoch 39 training time cost: 38.6969 seconds
Test results: SROCC=0.8431, KROCC=0.6678, PLCC=0.9200, RMSE=0.9918
Epoch 40 averaged training loss: 1.1761
The current learning rate is 0.000030
Epoch 40 training time cost: 37.5125 seconds
Test results: SROCC=0.7922, KROCC=0.6144, PLCC=0.9222, RMSE=0.9786
Epoch 41 averaged training loss: 1.0732
The current learning rate is 0.000030
Epoch 41 training time cost: 38.6227 seconds
Test results: SROCC=0.8394, KROCC=0.6469, PLCC=0.9214, RMSE=0.9832
Epoch 42 averaged training loss: 1.0223
The current learning rate is 0.000030
Epoch 42 training time cost: 38.7216 seconds
Test results: SROCC=0.8080, KROCC=0.6400, PLCC=0.9193, RMSE=0.9957
Epoch 43 averaged training loss: 1.2649
The current learning rate is 0.000030
Epoch 43 training time cost: 39.0709 seconds
Test results: SROCC=0.8368, KROCC=0.6283, PLCC=0.8935, RMSE=1.1362
Epoch 44 averaged training loss: 1.0337
The current learning rate is 0.000030
Epoch 44 training time cost: 38.8665 seconds
Test results: SROCC=0.8133, KROCC=0.6376, PLCC=0.9051, RMSE=1.0759
Epoch 45 averaged training loss: 1.2248
The current learning rate is 0.000030
Epoch 45 training time cost: 39.1078 seconds
Test results: SROCC=0.8183, KROCC=0.6562, PLCC=0.9343, RMSE=0.9017
Epoch 46 averaged training loss: 1.0802
The current learning rate is 0.000030
Epoch 46 training time cost: 37.9604 seconds
Test results: SROCC=0.8378, KROCC=0.6725, PLCC=0.9335, RMSE=0.9073
Epoch 47 averaged training loss: 1.0582
The current learning rate is 0.000030
Epoch 47 training time cost: 38.5979 seconds
Test results: SROCC=0.8289, KROCC=0.6585, PLCC=0.9491, RMSE=0.7969
Epoch 48 averaged training loss: 0.9620
The current learning rate is 0.000027
Epoch 48 training time cost: 38.0803 seconds
Test results: SROCC=0.8404, KROCC=0.6771, PLCC=0.9450, RMSE=0.8279
Epoch 49 averaged training loss: 1.0630
The current learning rate is 0.000027
Epoch 49 training time cost: 38.3197 seconds
Test results: SROCC=0.8172, KROCC=0.6446, PLCC=0.9453, RMSE=0.8256
Epoch 50 averaged training loss: 0.9177
The current learning rate is 0.000027
Epoch 50 training time cost: 38.9669 seconds
Test results: SROCC=0.7841, KROCC=0.6051, PLCC=0.9392, RMSE=0.8686
SJTU
The best Val results: SROCC=0.8681, KROCC=0.6887, PLCC=0.9306, RMSE=0.9259
*************************************************************************************************************************
The current k_fold_id is 6
Trainging set: csvfiles/sjtu_data_info/train_6.csv
Using model: MM-PCQA
Using l2rank loss
Using Adam optimizer, initial learning rate: 5e-05
Ready to train network
*************************************************************************************************************************
Epoch 1 averaged training loss: 7.7815
The current learning rate is 0.000050
Epoch 1 training time cost: 38.6860 seconds
Test results: SROCC=0.6303, KROCC=0.4564, PLCC=0.6487, RMSE=1.8477
Update best model using best_val_criterion 
Update the best Test results: SROCC=0.6303, KROCC=0.4564, PLCC=0.6487, RMSE=1.8477
Epoch 2 averaged training loss: 3.7515
The current learning rate is 0.000050
Epoch 2 training time cost: 38.3089 seconds
Test results: SROCC=0.9117, KROCC=0.7561, PLCC=0.9275, RMSE=0.9075
Update best model using best_val_criterion 
Update the best Test results: SROCC=0.9117, KROCC=0.7561, PLCC=0.9275, RMSE=0.9075
Epoch 3 averaged training loss: 3.0749
The current learning rate is 0.000050
Epoch 3 training time cost: 38.0975 seconds
Test results: SROCC=0.8431, KROCC=0.6818, PLCC=0.8807, RMSE=1.1499
Epoch 4 averaged training loss: 2.8997
The current learning rate is 0.000050
Epoch 4 training time cost: 38.2253 seconds
Test results: SROCC=0.9049, KROCC=0.7213, PLCC=0.9056, RMSE=1.0297
Epoch 5 averaged training loss: 2.7220
The current learning rate is 0.000050
Epoch 5 training time cost: 38.1210 seconds
Test results: SROCC=0.9478, KROCC=0.7909, PLCC=0.9505, RMSE=0.7542
Update best model using best_val_criterion 
Update the best Test results: SROCC=0.9478, KROCC=0.7909, PLCC=0.9505, RMSE=0.7542
Epoch 6 averaged training loss: 2.9688
The current learning rate is 0.000050
Epoch 6 training time cost: 38.6676 seconds
Test results: SROCC=0.9088, KROCC=0.7422, PLCC=0.9091, RMSE=1.0113
Epoch 7 averaged training loss: 2.4583
The current learning rate is 0.000050
Epoch 7 training time cost: 38.6347 seconds
Test results: SROCC=0.8143, KROCC=0.6283, PLCC=0.8127, RMSE=1.4145
Epoch 8 averaged training loss: 2.6373
The current learning rate is 0.000045
Epoch 8 training time cost: 38.2357 seconds
Test results: SROCC=0.9263, KROCC=0.7631, PLCC=0.9296, RMSE=0.8950
Epoch 9 averaged training loss: 2.6441
The current learning rate is 0.000045
Epoch 9 training time cost: 38.3937 seconds
Test results: SROCC=0.8985, KROCC=0.7096, PLCC=0.9085, RMSE=1.0144
Epoch 10 averaged training loss: 2.5242
The current learning rate is 0.000045
Epoch 10 training time cost: 38.8692 seconds
Test results: SROCC=0.8981, KROCC=0.7282, PLCC=0.9059, RMSE=1.0280
Epoch 11 averaged training loss: 2.2657
The current learning rate is 0.000045
Epoch 11 training time cost: 38.5426 seconds
Test results: SROCC=0.9250, KROCC=0.7654, PLCC=0.9308, RMSE=0.8872
Epoch 12 averaged training loss: 1.8481
The current learning rate is 0.000045
Epoch 12 training time cost: 38.0380 seconds
Test results: SROCC=0.9002, KROCC=0.7422, PLCC=0.8980, RMSE=1.0683
Epoch 13 averaged training loss: 1.9798
The current learning rate is 0.000045
Epoch 13 training time cost: 38.1302 seconds
Test results: SROCC=0.9332, KROCC=0.7793, PLCC=0.9406, RMSE=0.8241
Epoch 14 averaged training loss: 1.9862
The current learning rate is 0.000045
Epoch 14 training time cost: 37.9614 seconds
Test results: SROCC=0.9220, KROCC=0.7631, PLCC=0.9287, RMSE=0.9005
Epoch 15 averaged training loss: 1.8390
The current learning rate is 0.000045
Epoch 15 training time cost: 37.5478 seconds
Test results: SROCC=0.9088, KROCC=0.7468, PLCC=0.9111, RMSE=1.0007
Epoch 16 averaged training loss: 2.0345
The current learning rate is 0.000041
Epoch 16 training time cost: 38.4910 seconds
Test results: SROCC=0.8237, KROCC=0.6237, PLCC=0.8099, RMSE=1.4241
Epoch 17 averaged training loss: 1.8331
The current learning rate is 0.000041
Epoch 17 training time cost: 38.2960 seconds
Test results: SROCC=0.9358, KROCC=0.7956, PLCC=0.9425, RMSE=0.8115
Epoch 18 averaged training loss: 1.9222
The current learning rate is 0.000041
Epoch 18 training time cost: 37.8583 seconds
Test results: SROCC=0.9313, KROCC=0.7770, PLCC=0.9337, RMSE=0.8691
Epoch 19 averaged training loss: 1.8868
The current learning rate is 0.000041
Epoch 19 training time cost: 38.5359 seconds
Test results: SROCC=0.9097, KROCC=0.7422, PLCC=0.9092, RMSE=1.0108
Epoch 20 averaged training loss: 1.6096
The current learning rate is 0.000041
Epoch 20 training time cost: 38.0478 seconds
Test results: SROCC=0.9524, KROCC=0.8142, PLCC=0.9585, RMSE=0.6921
Update best model using best_val_criterion 
Update the best Test results: SROCC=0.9524, KROCC=0.8142, PLCC=0.9585, RMSE=0.6921
Epoch 21 averaged training loss: 1.4443
The current learning rate is 0.000041
Epoch 21 training time cost: 38.4799 seconds
Test results: SROCC=0.9438, KROCC=0.8188, PLCC=0.9503, RMSE=0.7557
Epoch 22 averaged training loss: 1.6840
The current learning rate is 0.000041
Epoch 22 training time cost: 38.2769 seconds
Test results: SROCC=0.9114, KROCC=0.7422, PLCC=0.9174, RMSE=0.9661
Epoch 23 averaged training loss: 1.6111
The current learning rate is 0.000041
Epoch 23 training time cost: 38.0528 seconds
Test results: SROCC=0.8653, KROCC=0.6980, PLCC=0.8792, RMSE=1.1568
Epoch 24 averaged training loss: 1.6073
The current learning rate is 0.000036
Epoch 24 training time cost: 37.6178 seconds
Test results: SROCC=0.9075, KROCC=0.7561, PLCC=0.9139, RMSE=0.9856
Epoch 25 averaged training loss: 2.0857
The current learning rate is 0.000036
Epoch 25 training time cost: 38.0176 seconds
Test results: SROCC=0.9073, KROCC=0.7398, PLCC=0.9141, RMSE=0.9846
Epoch 26 averaged training loss: 1.6607
The current learning rate is 0.000036
Epoch 26 training time cost: 37.9159 seconds
Test results: SROCC=0.8156, KROCC=0.6353, PLCC=0.8483, RMSE=1.2857
Epoch 27 averaged training loss: 1.3184
The current learning rate is 0.000036
Epoch 27 training time cost: 38.3265 seconds
Test results: SROCC=0.9263, KROCC=0.7654, PLCC=0.9411, RMSE=0.8208
Epoch 28 averaged training loss: 1.4026
The current learning rate is 0.000036
Epoch 28 training time cost: 37.8785 seconds
Test results: SROCC=0.8434, KROCC=0.6353, PLCC=0.8463, RMSE=1.2933
Epoch 29 averaged training loss: 1.3215
The current learning rate is 0.000036
Epoch 29 training time cost: 38.8934 seconds
Test results: SROCC=0.9102, KROCC=0.7515, PLCC=0.9118, RMSE=0.9969
Epoch 30 averaged training loss: 1.2690
The current learning rate is 0.000036
Epoch 30 training time cost: 38.1189 seconds
Test results: SROCC=0.9117, KROCC=0.7329, PLCC=0.9178, RMSE=0.9639
Epoch 31 averaged training loss: 1.5375
The current learning rate is 0.000036
Epoch 31 training time cost: 37.8763 seconds
Test results: SROCC=0.8828, KROCC=0.7096, PLCC=0.8997, RMSE=1.0599
Epoch 32 averaged training loss: 1.4677
The current learning rate is 0.000033
Epoch 32 training time cost: 38.0774 seconds
Test results: SROCC=0.9451, KROCC=0.7933, PLCC=0.9595, RMSE=0.6837
Epoch 33 averaged training loss: 1.2463
The current learning rate is 0.000033
Epoch 33 training time cost: 37.9216 seconds
Test results: SROCC=0.9313, KROCC=0.7909, PLCC=0.9449, RMSE=0.7949
Epoch 34 averaged training loss: 1.6002
The current learning rate is 0.000033
Epoch 34 training time cost: 38.3088 seconds
Test results: SROCC=0.8882, KROCC=0.7189, PLCC=0.8975, RMSE=1.0708
Epoch 35 averaged training loss: 1.4222
The current learning rate is 0.000033
Epoch 35 training time cost: 38.3934 seconds
Test results: SROCC=0.7720, KROCC=0.6098, PLCC=0.7753, RMSE=1.5334
Epoch 36 averaged training loss: 1.5224
The current learning rate is 0.000033
Epoch 36 training time cost: 37.7825 seconds
Test results: SROCC=0.8835, KROCC=0.7213, PLCC=0.8992, RMSE=1.0620
Epoch 37 averaged training loss: 1.3865
The current learning rate is 0.000033
Epoch 37 training time cost: 37.9383 seconds
Test results: SROCC=0.9148, KROCC=0.7700, PLCC=0.9317, RMSE=0.8818
Epoch 38 averaged training loss: 1.3374
The current learning rate is 0.000033
Epoch 38 training time cost: 38.0738 seconds
Test results: SROCC=0.8704, KROCC=0.7027, PLCC=0.8874, RMSE=1.1193
Epoch 39 averaged training loss: 1.2846
The current learning rate is 0.000033
Epoch 39 training time cost: 38.6365 seconds
Test results: SROCC=0.8676, KROCC=0.7166, PLCC=0.9064, RMSE=1.0254
Epoch 40 averaged training loss: 1.3133
The current learning rate is 0.000030
Epoch 40 training time cost: 39.3592 seconds
Test results: SROCC=0.9102, KROCC=0.7352, PLCC=0.9371, RMSE=0.8474
Epoch 41 averaged training loss: 1.2388
The current learning rate is 0.000030
Epoch 41 training time cost: 39.1969 seconds
Test results: SROCC=0.8864, KROCC=0.7259, PLCC=0.9097, RMSE=1.0082
Epoch 42 averaged training loss: 1.3994
The current learning rate is 0.000030
Epoch 42 training time cost: 37.8826 seconds
Test results: SROCC=0.8522, KROCC=0.6632, PLCC=0.8886, RMSE=1.1135
Epoch 43 averaged training loss: 1.3456
The current learning rate is 0.000030
Epoch 43 training time cost: 38.0679 seconds
Test results: SROCC=0.9246, KROCC=0.7677, PLCC=0.9474, RMSE=0.7771
Epoch 44 averaged training loss: 1.0646
The current learning rate is 0.000030
Epoch 44 training time cost: 37.9678 seconds
Test results: SROCC=0.9135, KROCC=0.7491, PLCC=0.9307, RMSE=0.8880
Epoch 45 averaged training loss: 1.2156
The current learning rate is 0.000030
Epoch 45 training time cost: 38.5614 seconds
Test results: SROCC=0.9115, KROCC=0.7515, PLCC=0.9217, RMSE=0.9419
Epoch 46 averaged training loss: 1.1507
The current learning rate is 0.000030
Epoch 46 training time cost: 38.0910 seconds
Test results: SROCC=0.8953, KROCC=0.7213, PLCC=0.9140, RMSE=0.9852
Epoch 47 averaged training loss: 1.1923
The current learning rate is 0.000030
Epoch 47 training time cost: 37.7577 seconds
Test results: SROCC=0.7911, KROCC=0.5958, PLCC=0.8288, RMSE=1.3583
Epoch 48 averaged training loss: 1.0751
The current learning rate is 0.000027
Epoch 48 training time cost: 38.1857 seconds
Test results: SROCC=0.8900, KROCC=0.7003, PLCC=0.8988, RMSE=1.0642
Epoch 49 averaged training loss: 1.2522
The current learning rate is 0.000027
Epoch 49 training time cost: 38.6364 seconds
Test results: SROCC=0.8791, KROCC=0.6934, PLCC=0.8875, RMSE=1.1189
Epoch 50 averaged training loss: 1.0552
The current learning rate is 0.000027
Epoch 50 training time cost: 38.3178 seconds
Test results: SROCC=0.9233, KROCC=0.7700, PLCC=0.9379, RMSE=0.8421
SJTU
The best Val results: SROCC=0.9524, KROCC=0.8142, PLCC=0.9585, RMSE=0.6921
*************************************************************************************************************************
The current k_fold_id is 7
Trainging set: csvfiles/sjtu_data_info/train_7.csv
Using model: MM-PCQA
Using l2rank loss
Using Adam optimizer, initial learning rate: 5e-05
Ready to train network
*************************************************************************************************************************
Epoch 1 averaged training loss: 7.6561
The current learning rate is 0.000050
Epoch 1 training time cost: 38.0018 seconds
Test results: SROCC=0.8500, KROCC=0.6601, PLCC=0.8502, RMSE=1.1548
Update best model using best_val_criterion 
Update the best Test results: SROCC=0.8500, KROCC=0.6601, PLCC=0.8502, RMSE=1.1548
Epoch 2 averaged training loss: 4.1292
The current learning rate is 0.000050
Epoch 2 training time cost: 37.8312 seconds
Test results: SROCC=0.8794, KROCC=0.6973, PLCC=0.9424, RMSE=0.7339
Update best model using best_val_criterion 
Update the best Test results: SROCC=0.8794, KROCC=0.6973, PLCC=0.9424, RMSE=0.7339
Epoch 3 averaged training loss: 3.3902
The current learning rate is 0.000050
Epoch 3 training time cost: 37.8359 seconds
Test results: SROCC=0.3992, KROCC=0.3347, PLCC=0.5892, RMSE=1.7724
Epoch 4 averaged training loss: 3.1563
The current learning rate is 0.000050
Epoch 4 training time cost: 37.5828 seconds
Test results: SROCC=0.9295, KROCC=0.7926, PLCC=0.9706, RMSE=0.5282
Update best model using best_val_criterion 
Update the best Test results: SROCC=0.9295, KROCC=0.7926, PLCC=0.9706, RMSE=0.5282
Epoch 5 averaged training loss: 2.5845
The current learning rate is 0.000050
Epoch 5 training time cost: 38.3856 seconds
Test results: SROCC=0.0318, KROCC=0.0604, PLCC=0.5124, RMSE=1.8838
Epoch 6 averaged training loss: 2.8578
The current learning rate is 0.000050
Epoch 6 training time cost: 38.7558 seconds
Test results: SROCC=0.8304, KROCC=0.6229, PLCC=0.8829, RMSE=1.0302
Epoch 7 averaged training loss: 3.0082
The current learning rate is 0.000050
Epoch 7 training time cost: 39.3894 seconds
Test results: SROCC=0.8312, KROCC=0.6508, PLCC=0.9094, RMSE=0.9126
Epoch 8 averaged training loss: 2.8128
The current learning rate is 0.000045
Epoch 8 training time cost: 38.1558 seconds
Test results: SROCC=0.8621, KROCC=0.6903, PLCC=0.9162, RMSE=0.8788
Epoch 9 averaged training loss: 2.4505
The current learning rate is 0.000045
Epoch 9 training time cost: 38.4902 seconds
Test results: SROCC=0.8987, KROCC=0.7414, PLCC=0.9534, RMSE=0.6620
Epoch 10 averaged training loss: 1.9506
The current learning rate is 0.000045
Epoch 10 training time cost: 38.5908 seconds
Test results: SROCC=0.8457, KROCC=0.6554, PLCC=0.8806, RMSE=1.0396
Epoch 11 averaged training loss: 2.3095
The current learning rate is 0.000045
Epoch 11 training time cost: 38.0163 seconds
Test results: SROCC=0.7949, KROCC=0.5997, PLCC=0.8255, RMSE=1.2380
Epoch 12 averaged training loss: 2.0665
The current learning rate is 0.000045
Epoch 12 training time cost: 38.0814 seconds
Test results: SROCC=0.7364, KROCC=0.5346, PLCC=0.7886, RMSE=1.3488
Epoch 13 averaged training loss: 1.9185
The current learning rate is 0.000045
Epoch 13 training time cost: 37.9936 seconds
Test results: SROCC=0.8380, KROCC=0.6252, PLCC=0.8656, RMSE=1.0986
Epoch 14 averaged training loss: 2.0315
The current learning rate is 0.000045
Epoch 14 training time cost: 38.1550 seconds
Test results: SROCC=0.7509, KROCC=0.5508, PLCC=0.7891, RMSE=1.3476
Epoch 15 averaged training loss: 1.6359
The current learning rate is 0.000045
Epoch 15 training time cost: 38.6171 seconds
Test results: SROCC=0.8616, KROCC=0.6578, PLCC=0.9126, RMSE=0.8970
Epoch 16 averaged training loss: 1.8278
The current learning rate is 0.000041
Epoch 16 training time cost: 39.0914 seconds
Test results: SROCC=0.8576, KROCC=0.6578, PLCC=0.9149, RMSE=0.8856
Epoch 17 averaged training loss: 1.7020
The current learning rate is 0.000041
Epoch 17 training time cost: 38.5758 seconds
Test results: SROCC=0.4860, KROCC=0.4160, PLCC=0.5900, RMSE=1.7713
Epoch 18 averaged training loss: 1.7472
The current learning rate is 0.000041
Epoch 18 training time cost: 37.8241 seconds
Test results: SROCC=0.8810, KROCC=0.7019, PLCC=0.9186, RMSE=0.8672
Epoch 19 averaged training loss: 1.7688
The current learning rate is 0.000041
Epoch 19 training time cost: 37.9675 seconds
Test results: SROCC=0.8279, KROCC=0.6485, PLCC=0.8996, RMSE=0.9580
Epoch 20 averaged training loss: 1.5778
The current learning rate is 0.000041
Epoch 20 training time cost: 37.9460 seconds
Test results: SROCC=0.8660, KROCC=0.6578, PLCC=0.8946, RMSE=0.9804
Epoch 21 averaged training loss: 1.6101
The current learning rate is 0.000041
Epoch 21 training time cost: 37.5570 seconds
Test results: SROCC=0.9133, KROCC=0.7507, PLCC=0.9479, RMSE=0.6987
Epoch 22 averaged training loss: 1.7913
The current learning rate is 0.000041
Epoch 22 training time cost: 38.1780 seconds
Test results: SROCC=0.8665, KROCC=0.6996, PLCC=0.9166, RMSE=0.8769
Epoch 23 averaged training loss: 1.7320
The current learning rate is 0.000041
Epoch 23 training time cost: 38.3701 seconds
Test results: SROCC=0.6677, KROCC=0.4648, PLCC=0.6743, RMSE=1.6199
Epoch 24 averaged training loss: 1.4442
The current learning rate is 0.000036
Epoch 24 training time cost: 38.3181 seconds
Test results: SROCC=0.8916, KROCC=0.7182, PLCC=0.9394, RMSE=0.7523
Epoch 25 averaged training loss: 1.6086
The current learning rate is 0.000036
Epoch 25 training time cost: 38.5697 seconds
Test results: SROCC=0.9126, KROCC=0.7623, PLCC=0.9609, RMSE=0.6074
Epoch 26 averaged training loss: 1.5544
The current learning rate is 0.000036
Epoch 26 training time cost: 38.2734 seconds
Test results: SROCC=0.9086, KROCC=0.7461, PLCC=0.9482, RMSE=0.6970
Epoch 27 averaged training loss: 1.2846
The current learning rate is 0.000036
Epoch 27 training time cost: 38.2657 seconds
Test results: SROCC=0.8912, KROCC=0.7414, PLCC=0.9310, RMSE=0.8009
Epoch 28 averaged training loss: 1.5630
The current learning rate is 0.000036
Epoch 28 training time cost: 38.0922 seconds
Test results: SROCC=0.8915, KROCC=0.7066, PLCC=0.9084, RMSE=0.9170
Epoch 29 averaged training loss: 1.3776
The current learning rate is 0.000036
Epoch 29 training time cost: 37.7726 seconds
Test results: SROCC=0.9240, KROCC=0.7809, PLCC=0.9639, RMSE=0.5844
Epoch 30 averaged training loss: 1.7023
The current learning rate is 0.000036
Epoch 30 training time cost: 38.0129 seconds
Test results: SROCC=0.9047, KROCC=0.7368, PLCC=0.9410, RMSE=0.7426
Epoch 31 averaged training loss: 1.3592
The current learning rate is 0.000036
Epoch 31 training time cost: 38.0337 seconds
Test results: SROCC=0.6877, KROCC=0.4811, PLCC=0.7512, RMSE=1.4480
Epoch 32 averaged training loss: 1.7630
The current learning rate is 0.000033
Epoch 32 training time cost: 38.1658 seconds
Test results: SROCC=0.9058, KROCC=0.7414, PLCC=0.9466, RMSE=0.7070
Epoch 33 averaged training loss: 1.3293
The current learning rate is 0.000033
Epoch 33 training time cost: 38.3851 seconds
Test results: SROCC=0.9124, KROCC=0.7531, PLCC=0.9433, RMSE=0.7282
Epoch 34 averaged training loss: 1.3480
The current learning rate is 0.000033
Epoch 34 training time cost: 38.0697 seconds
Test results: SROCC=0.8910, KROCC=0.7275, PLCC=0.9437, RMSE=0.7256
Epoch 35 averaged training loss: 1.2672
The current learning rate is 0.000033
Epoch 35 training time cost: 38.1856 seconds
Test results: SROCC=0.5992, KROCC=0.4393, PLCC=0.7229, RMSE=1.5158
Epoch 36 averaged training loss: 1.6323
The current learning rate is 0.000033
Epoch 36 training time cost: 38.1840 seconds
Test results: SROCC=0.8993, KROCC=0.7391, PLCC=0.9344, RMSE=0.7815
Epoch 37 averaged training loss: 1.3994
The current learning rate is 0.000033
Epoch 37 training time cost: 38.4601 seconds
Test results: SROCC=0.8993, KROCC=0.7228, PLCC=0.9224, RMSE=0.8473
Epoch 38 averaged training loss: 1.3136
The current learning rate is 0.000033
Epoch 38 training time cost: 38.3899 seconds
Test results: SROCC=0.8872, KROCC=0.6973, PLCC=0.9103, RMSE=0.9079
Epoch 39 averaged training loss: 1.1648
The current learning rate is 0.000033
Epoch 39 training time cost: 38.2447 seconds
Test results: SROCC=0.8534, KROCC=0.6392, PLCC=0.8680, RMSE=1.0893
Epoch 40 averaged training loss: 1.1341
The current learning rate is 0.000030
Epoch 40 training time cost: 38.3838 seconds
Test results: SROCC=0.9049, KROCC=0.7554, PLCC=0.9507, RMSE=0.6803
Epoch 41 averaged training loss: 1.2044
The current learning rate is 0.000030
Epoch 41 training time cost: 38.4234 seconds
Test results: SROCC=0.9011, KROCC=0.7321, PLCC=0.9312, RMSE=0.7998
Epoch 42 averaged training loss: 1.1139
The current learning rate is 0.000030
Epoch 42 training time cost: 38.0998 seconds
Test results: SROCC=0.9051, KROCC=0.7414, PLCC=0.9269, RMSE=0.8235
Epoch 43 averaged training loss: 1.0967
The current learning rate is 0.000030
Epoch 43 training time cost: 38.8456 seconds
Test results: SROCC=0.9222, KROCC=0.7856, PLCC=0.9615, RMSE=0.6027
Epoch 44 averaged training loss: 1.3101
The current learning rate is 0.000030
Epoch 44 training time cost: 38.1788 seconds
Test results: SROCC=0.9060, KROCC=0.7275, PLCC=0.9424, RMSE=0.7336
Epoch 45 averaged training loss: 1.2816
The current learning rate is 0.000030
Epoch 45 training time cost: 37.9126 seconds
Test results: SROCC=0.9254, KROCC=0.7647, PLCC=0.9512, RMSE=0.6772
Epoch 46 averaged training loss: 1.1472
The current learning rate is 0.000030
Epoch 46 training time cost: 38.3601 seconds
Test results: SROCC=0.9311, KROCC=0.7902, PLCC=0.9603, RMSE=0.6119
Update best model using best_val_criterion 
Update the best Test results: SROCC=0.9311, KROCC=0.7902, PLCC=0.9603, RMSE=0.6119
Epoch 47 averaged training loss: 1.1498
The current learning rate is 0.000030
Epoch 47 training time cost: 38.2451 seconds
Test results: SROCC=0.8921, KROCC=0.7275, PLCC=0.9508, RMSE=0.6798
Epoch 48 averaged training loss: 1.0728
The current learning rate is 0.000027
Epoch 48 training time cost: 38.5015 seconds
Test results: SROCC=0.9256, KROCC=0.7856, PLCC=0.9575, RMSE=0.6324
Epoch 49 averaged training loss: 0.9915
The current learning rate is 0.000027
Epoch 49 training time cost: 37.6583 seconds
Test results: SROCC=0.9182, KROCC=0.7461, PLCC=0.9521, RMSE=0.6709
Epoch 50 averaged training loss: 0.9603
The current learning rate is 0.000027
Epoch 50 training time cost: 38.0882 seconds
Test results: SROCC=0.8108, KROCC=0.6345, PLCC=0.8082, RMSE=1.2918
SJTU
The best Val results: SROCC=0.9311, KROCC=0.7902, PLCC=0.9603, RMSE=0.6119
*************************************************************************************************************************
The current k_fold_id is 8
Trainging set: csvfiles/sjtu_data_info/train_8.csv
Using model: MM-PCQA
Using l2rank loss
Using Adam optimizer, initial learning rate: 5e-05
Ready to train network
*************************************************************************************************************************
Epoch 1 averaged training loss: 7.1439
The current learning rate is 0.000050
Epoch 1 training time cost: 37.9395 seconds
Test results: SROCC=-0.3039, KROCC=-0.1754, PLCC=0.5791, RMSE=1.6893
Update best model using best_val_criterion 
Update the best Test results: SROCC=-0.3039, KROCC=-0.1754, PLCC=0.5791, RMSE=1.6893
Epoch 2 averaged training loss: 3.9998
The current learning rate is 0.000050
Epoch 2 training time cost: 38.2650 seconds
Test results: SROCC=0.7802, KROCC=0.5865, PLCC=0.9260, RMSE=0.7822
Update best model using best_val_criterion 
Update the best Test results: SROCC=0.7802, KROCC=0.5865, PLCC=0.9260, RMSE=0.7822
Epoch 3 averaged training loss: 4.1833
The current learning rate is 0.000050
Epoch 3 training time cost: 38.2670 seconds
Test results: SROCC=0.7618, KROCC=0.5772, PLCC=0.7609, RMSE=1.3446
Epoch 4 averaged training loss: 3.3776
The current learning rate is 0.000050
Epoch 4 training time cost: 38.2716 seconds
Test results: SROCC=0.8433, KROCC=0.6632, PLCC=0.8882, RMSE=0.9521
Update best model using best_val_criterion 
Update the best Test results: SROCC=0.8433, KROCC=0.6632, PLCC=0.8882, RMSE=0.9521
Epoch 5 averaged training loss: 2.7662
The current learning rate is 0.000050
Epoch 5 training time cost: 38.3875 seconds
Test results: SROCC=0.8524, KROCC=0.6725, PLCC=0.9264, RMSE=0.7804
Update best model using best_val_criterion 
Update the best Test results: SROCC=0.8524, KROCC=0.6725, PLCC=0.9264, RMSE=0.7804
Epoch 6 averaged training loss: 2.4314
The current learning rate is 0.000050
Epoch 6 training time cost: 37.9573 seconds
Test results: SROCC=0.8533, KROCC=0.6818, PLCC=0.8921, RMSE=0.9364
Update best model using best_val_criterion 
Update the best Test results: SROCC=0.8533, KROCC=0.6818, PLCC=0.8921, RMSE=0.9364
Epoch 7 averaged training loss: 2.1230
The current learning rate is 0.000050
Epoch 7 training time cost: 38.2370 seconds
Test results: SROCC=0.8436, KROCC=0.6423, PLCC=0.8965, RMSE=0.9182
Epoch 8 averaged training loss: 1.9969
The current learning rate is 0.000045
Epoch 8 training time cost: 38.4653 seconds
Test results: SROCC=0.8674, KROCC=0.6887, PLCC=0.9259, RMSE=0.7827
Update best model using best_val_criterion 
Update the best Test results: SROCC=0.8674, KROCC=0.6887, PLCC=0.9259, RMSE=0.7827
Epoch 9 averaged training loss: 2.3414
The current learning rate is 0.000045
Epoch 9 training time cost: 37.9873 seconds
Test results: SROCC=0.8517, KROCC=0.6702, PLCC=0.9224, RMSE=0.8002
Epoch 10 averaged training loss: 2.1808
The current learning rate is 0.000045
Epoch 10 training time cost: 38.0806 seconds
Test results: SROCC=0.8357, KROCC=0.6539, PLCC=0.8754, RMSE=1.0017
Epoch 11 averaged training loss: 1.8624
The current learning rate is 0.000045
Epoch 11 training time cost: 38.3921 seconds
Test results: SROCC=0.8362, KROCC=0.6655, PLCC=0.8880, RMSE=0.9530
Epoch 12 averaged training loss: 2.4373
The current learning rate is 0.000045
Epoch 12 training time cost: 38.7583 seconds
Test results: SROCC=0.7846, KROCC=0.5958, PLCC=0.7495, RMSE=1.3718
Epoch 13 averaged training loss: 1.9371
The current learning rate is 0.000045
Epoch 13 training time cost: 38.2319 seconds
Test results: SROCC=0.8464, KROCC=0.6539, PLCC=0.8965, RMSE=0.9182
Epoch 14 averaged training loss: 1.9713
The current learning rate is 0.000045
Epoch 14 training time cost: 37.7614 seconds
Test results: SROCC=0.8514, KROCC=0.6585, PLCC=0.8904, RMSE=0.9434
Epoch 15 averaged training loss: 1.5569
The current learning rate is 0.000045
Epoch 15 training time cost: 38.4513 seconds
Test results: SROCC=0.8065, KROCC=0.5958, PLCC=0.8352, RMSE=1.1397
Epoch 16 averaged training loss: 2.0481
The current learning rate is 0.000041
Epoch 16 training time cost: 38.9613 seconds
Test results: SROCC=0.8350, KROCC=0.6423, PLCC=0.8938, RMSE=0.9294
Epoch 17 averaged training loss: 1.9649
The current learning rate is 0.000041
Epoch 17 training time cost: 37.8328 seconds
Test results: SROCC=0.8691, KROCC=0.6771, PLCC=0.8879, RMSE=0.9533
Update best model using best_val_criterion 
Update the best Test results: SROCC=0.8691, KROCC=0.6771, PLCC=0.8879, RMSE=0.9533
Epoch 18 averaged training loss: 1.6913
The current learning rate is 0.000041
Epoch 18 training time cost: 38.4433 seconds
Test results: SROCC=0.8725, KROCC=0.7073, PLCC=0.9404, RMSE=0.7046
Update best model using best_val_criterion 
Update the best Test results: SROCC=0.8725, KROCC=0.7073, PLCC=0.9404, RMSE=0.7046
Epoch 19 averaged training loss: 1.5783
The current learning rate is 0.000041
Epoch 19 training time cost: 37.9277 seconds
Test results: SROCC=0.8514, KROCC=0.6655, PLCC=0.8971, RMSE=0.9154
Epoch 20 averaged training loss: 1.7020
The current learning rate is 0.000041
Epoch 20 training time cost: 37.6749 seconds
Test results: SROCC=0.8494, KROCC=0.6562, PLCC=0.9370, RMSE=0.7237
Epoch 21 averaged training loss: 1.6519
The current learning rate is 0.000041
Epoch 21 training time cost: 38.5538 seconds
Test results: SROCC=0.8699, KROCC=0.6957, PLCC=0.9402, RMSE=0.7060
Epoch 22 averaged training loss: 1.6110
The current learning rate is 0.000041
Epoch 22 training time cost: 38.1719 seconds
Test results: SROCC=0.8754, KROCC=0.7003, PLCC=0.9486, RMSE=0.6561
Update best model using best_val_criterion 
Update the best Test results: SROCC=0.8754, KROCC=0.7003, PLCC=0.9486, RMSE=0.6561
Epoch 23 averaged training loss: 2.0577
The current learning rate is 0.000041
Epoch 23 training time cost: 37.9091 seconds
Test results: SROCC=0.8387, KROCC=0.6516, PLCC=0.9157, RMSE=0.8326
Epoch 24 averaged training loss: 1.8760
The current learning rate is 0.000036
Epoch 24 training time cost: 37.9401 seconds
Test results: SROCC=0.8926, KROCC=0.7329, PLCC=0.9434, RMSE=0.6874
Update best model using best_val_criterion 
Update the best Test results: SROCC=0.8926, KROCC=0.7329, PLCC=0.9434, RMSE=0.6874
Epoch 25 averaged training loss: 1.6312
The current learning rate is 0.000036
Epoch 25 training time cost: 38.3210 seconds
Test results: SROCC=0.8496, KROCC=0.6771, PLCC=0.9111, RMSE=0.8541
Epoch 26 averaged training loss: 1.5649
The current learning rate is 0.000036
Epoch 26 training time cost: 39.1161 seconds
Test results: SROCC=0.8391, KROCC=0.6632, PLCC=0.8616, RMSE=1.0517
Epoch 27 averaged training loss: 1.5516
The current learning rate is 0.000036
Epoch 27 training time cost: 38.2609 seconds
Test results: SROCC=0.8788, KROCC=0.7073, PLCC=0.9340, RMSE=0.7402
Epoch 28 averaged training loss: 1.1495
The current learning rate is 0.000036
Epoch 28 training time cost: 37.9683 seconds
Test results: SROCC=0.8635, KROCC=0.6957, PLCC=0.9337, RMSE=0.7421
Epoch 29 averaged training loss: 1.3997
The current learning rate is 0.000036
Epoch 29 training time cost: 37.8660 seconds
Test results: SROCC=0.9097, KROCC=0.7561, PLCC=0.9392, RMSE=0.7115
Update best model using best_val_criterion 
Update the best Test results: SROCC=0.9097, KROCC=0.7561, PLCC=0.9392, RMSE=0.7115
Epoch 30 averaged training loss: 1.3219
The current learning rate is 0.000036
Epoch 30 training time cost: 37.6514 seconds
Test results: SROCC=0.8697, KROCC=0.6934, PLCC=0.9275, RMSE=0.7745
Epoch 31 averaged training loss: 1.4290
The current learning rate is 0.000036
Epoch 31 training time cost: 38.2631 seconds
Test results: SROCC=0.8742, KROCC=0.7027, PLCC=0.9312, RMSE=0.7555
Epoch 32 averaged training loss: 1.3528
The current learning rate is 0.000033
Epoch 32 training time cost: 38.7846 seconds
Test results: SROCC=0.8584, KROCC=0.6702, PLCC=0.9002, RMSE=0.9025
Epoch 33 averaged training loss: 1.3974
The current learning rate is 0.000033
Epoch 33 training time cost: 37.8122 seconds
Test results: SROCC=0.8272, KROCC=0.6330, PLCC=0.8905, RMSE=0.9430
Epoch 34 averaged training loss: 1.3327
The current learning rate is 0.000033
Epoch 34 training time cost: 37.9895 seconds
Test results: SROCC=0.8452, KROCC=0.6539, PLCC=0.9117, RMSE=0.8512
Epoch 35 averaged training loss: 1.3208
The current learning rate is 0.000033
Epoch 35 training time cost: 37.7503 seconds
Test results: SROCC=0.8457, KROCC=0.6492, PLCC=0.9010, RMSE=0.8987
Epoch 36 averaged training loss: 1.4198
The current learning rate is 0.000033
Epoch 36 training time cost: 38.3139 seconds
Test results: SROCC=0.8606, KROCC=0.6794, PLCC=0.9360, RMSE=0.7296
Epoch 37 averaged training loss: 1.2815
The current learning rate is 0.000033
Epoch 37 training time cost: 38.4123 seconds
Test results: SROCC=0.8350, KROCC=0.6307, PLCC=0.8964, RMSE=0.9183
Epoch 38 averaged training loss: 1.3786
The current learning rate is 0.000033
Epoch 38 training time cost: 38.0628 seconds
Test results: SROCC=0.8530, KROCC=0.6702, PLCC=0.9297, RMSE=0.7631
Epoch 39 averaged training loss: 1.3490
The current learning rate is 0.000033
Epoch 39 training time cost: 38.2023 seconds
Test results: SROCC=0.8326, KROCC=0.6516, PLCC=0.9401, RMSE=0.7064
Epoch 40 averaged training loss: 1.1209
The current learning rate is 0.000030
Epoch 40 training time cost: 37.7618 seconds
Test results: SROCC=0.8462, KROCC=0.6748, PLCC=0.9240, RMSE=0.7921
Epoch 41 averaged training loss: 0.9712
The current learning rate is 0.000030
Epoch 41 training time cost: 38.1337 seconds
Test results: SROCC=0.8350, KROCC=0.6516, PLCC=0.9170, RMSE=0.8266
Epoch 42 averaged training loss: 1.3444
The current learning rate is 0.000030
Epoch 42 training time cost: 38.1967 seconds
Test results: SROCC=0.8426, KROCC=0.6609, PLCC=0.9081, RMSE=0.8677
Epoch 43 averaged training loss: 1.1400
The current learning rate is 0.000030
Epoch 43 training time cost: 38.1668 seconds
Test results: SROCC=0.8464, KROCC=0.6725, PLCC=0.9162, RMSE=0.8302
Epoch 44 averaged training loss: 1.0333
The current learning rate is 0.000030
Epoch 44 training time cost: 38.3576 seconds
Test results: SROCC=0.8332, KROCC=0.6307, PLCC=0.9187, RMSE=0.8182
Epoch 45 averaged training loss: 1.2637
The current learning rate is 0.000030
Epoch 45 training time cost: 38.0481 seconds
Test results: SROCC=0.8277, KROCC=0.6400, PLCC=0.8807, RMSE=0.9813
Epoch 46 averaged training loss: 1.3757
The current learning rate is 0.000030
Epoch 46 training time cost: 38.7442 seconds
Test results: SROCC=0.8477, KROCC=0.6655, PLCC=0.9311, RMSE=0.7560
Epoch 47 averaged training loss: 1.0088
The current learning rate is 0.000030
Epoch 47 training time cost: 37.9825 seconds
Test results: SROCC=0.7948, KROCC=0.5935, PLCC=0.7843, RMSE=1.2854
Epoch 48 averaged training loss: 1.1642
The current learning rate is 0.000027
Epoch 48 training time cost: 37.9417 seconds
Test results: SROCC=0.8593, KROCC=0.6841, PLCC=0.9338, RMSE=0.7415
Epoch 49 averaged training loss: 0.9487
The current learning rate is 0.000027
Epoch 49 training time cost: 39.0015 seconds
Test results: SROCC=0.7016, KROCC=0.5354, PLCC=0.7225, RMSE=1.4326
Epoch 50 averaged training loss: 1.0894
The current learning rate is 0.000027
Epoch 50 training time cost: 38.0777 seconds
Test results: SROCC=0.8430, KROCC=0.6609, PLCC=0.8830, RMSE=0.9726
SJTU
The best Val results: SROCC=0.9097, KROCC=0.7561, PLCC=0.9392, RMSE=0.7115
*************************************************************************************************************************
The current k_fold_id is 9
Trainging set: csvfiles/sjtu_data_info/train_9.csv
Using model: MM-PCQA
Using l2rank loss
Using Adam optimizer, initial learning rate: 5e-05
Ready to train network
*************************************************************************************************************************
Epoch 1 averaged training loss: 7.6048
The current learning rate is 0.000050
Epoch 1 training time cost: 37.9677 seconds
Test results: SROCC=0.2897, KROCC=0.2218, PLCC=0.4311, RMSE=2.3856
Update best model using best_val_criterion 
Update the best Test results: SROCC=0.2897, KROCC=0.2218, PLCC=0.4311, RMSE=2.3856
Epoch 2 averaged training loss: 3.3734
The current learning rate is 0.000050
Epoch 2 training time cost: 37.8157 seconds
Test results: SROCC=0.8598, KROCC=0.6632, PLCC=0.8788, RMSE=1.2617
Update best model using best_val_criterion 
Update the best Test results: SROCC=0.8598, KROCC=0.6632, PLCC=0.8788, RMSE=1.2617
Epoch 3 averaged training loss: 3.9034
The current learning rate is 0.000050
Epoch 3 training time cost: 37.8327 seconds
Test results: SROCC=0.7250, KROCC=0.5703, PLCC=0.7427, RMSE=1.7705
Epoch 4 averaged training loss: 2.9078
The current learning rate is 0.000050
Epoch 4 training time cost: 38.4093 seconds
Test results: SROCC=0.8956, KROCC=0.7166, PLCC=0.8971, RMSE=1.1679
Update best model using best_val_criterion 
Update the best Test results: SROCC=0.8956, KROCC=0.7166, PLCC=0.8971, RMSE=1.1679
Epoch 5 averaged training loss: 2.5309
The current learning rate is 0.000050
Epoch 5 training time cost: 38.4154 seconds
Test results: SROCC=0.8548, KROCC=0.6492, PLCC=0.8859, RMSE=1.2264
Epoch 6 averaged training loss: 3.0552
The current learning rate is 0.000050
Epoch 6 training time cost: 38.4056 seconds
Test results: SROCC=0.9314, KROCC=0.7770, PLCC=0.9219, RMSE=1.0243
Update best model using best_val_criterion 
Update the best Test results: SROCC=0.9314, KROCC=0.7770, PLCC=0.9219, RMSE=1.0243
Epoch 7 averaged training loss: 2.1900
The current learning rate is 0.000050
Epoch 7 training time cost: 39.4020 seconds
Test results: SROCC=0.7780, KROCC=0.5726, PLCC=0.8051, RMSE=1.5681
Epoch 8 averaged training loss: 2.1562
The current learning rate is 0.000045
Epoch 8 training time cost: 38.2667 seconds
Test results: SROCC=0.9209, KROCC=0.7468, PLCC=0.9400, RMSE=0.9024
Epoch 9 averaged training loss: 2.1322
The current learning rate is 0.000045
Epoch 9 training time cost: 38.7407 seconds
Test results: SROCC=0.9156, KROCC=0.7259, PLCC=0.9280, RMSE=0.9850
Epoch 10 averaged training loss: 2.1578
The current learning rate is 0.000045
Epoch 10 training time cost: 37.9404 seconds
Test results: SROCC=0.8930, KROCC=0.7027, PLCC=0.8970, RMSE=1.1685
Epoch 11 averaged training loss: 2.2759
The current learning rate is 0.000045
Epoch 11 training time cost: 38.2420 seconds
Test results: SROCC=0.9148, KROCC=0.7515, PLCC=0.9356, RMSE=0.9331
Epoch 12 averaged training loss: 1.9809
The current learning rate is 0.000045
Epoch 12 training time cost: 38.1264 seconds
Test results: SROCC=0.8961, KROCC=0.7073, PLCC=0.9133, RMSE=1.0768
Epoch 13 averaged training loss: 1.7487
The current learning rate is 0.000045
Epoch 13 training time cost: 38.5012 seconds
Test results: SROCC=0.9224, KROCC=0.7515, PLCC=0.9475, RMSE=0.8458
Epoch 14 averaged training loss: 1.7751
The current learning rate is 0.000045
Epoch 14 training time cost: 38.4987 seconds
Test results: SROCC=0.9091, KROCC=0.7259, PLCC=0.9137, RMSE=1.0744
Epoch 15 averaged training loss: 2.2659
The current learning rate is 0.000045
Epoch 15 training time cost: 38.3380 seconds
Test results: SROCC=0.9329, KROCC=0.7677, PLCC=0.9477, RMSE=0.8438
Update best model using best_val_criterion 
Update the best Test results: SROCC=0.9329, KROCC=0.7677, PLCC=0.9477, RMSE=0.8438
Epoch 16 averaged training loss: 1.5674
The current learning rate is 0.000041
Epoch 16 training time cost: 37.5736 seconds
Test results: SROCC=0.9099, KROCC=0.7282, PLCC=0.9277, RMSE=0.9873
Epoch 17 averaged training loss: 2.0543
The current learning rate is 0.000041
Epoch 17 training time cost: 38.2743 seconds
Test results: SROCC=0.8177, KROCC=0.6307, PLCC=0.8441, RMSE=1.4175
Epoch 18 averaged training loss: 1.7687
The current learning rate is 0.000041
Epoch 18 training time cost: 39.1568 seconds
Test results: SROCC=0.9459, KROCC=0.7956, PLCC=0.9577, RMSE=0.7612
Update best model using best_val_criterion 
Update the best Test results: SROCC=0.9459, KROCC=0.7956, PLCC=0.9577, RMSE=0.7612
Epoch 19 averaged training loss: 1.8332
The current learning rate is 0.000041
Epoch 19 training time cost: 38.1259 seconds
Test results: SROCC=0.9496, KROCC=0.8118, PLCC=0.9579, RMSE=0.7587
Update best model using best_val_criterion 
Update the best Test results: SROCC=0.9496, KROCC=0.8118, PLCC=0.9579, RMSE=0.7587
Epoch 20 averaged training loss: 1.7936
The current learning rate is 0.000041
Epoch 20 training time cost: 38.2852 seconds
Test results: SROCC=0.9498, KROCC=0.8420, PLCC=0.9584, RMSE=0.7547
Update best model using best_val_criterion 
Update the best Test results: SROCC=0.9498, KROCC=0.8420, PLCC=0.9584, RMSE=0.7547
Epoch 21 averaged training loss: 1.5566
The current learning rate is 0.000041
Epoch 21 training time cost: 37.8218 seconds
Test results: SROCC=0.9361, KROCC=0.7793, PLCC=0.9385, RMSE=0.9128
Epoch 22 averaged training loss: 2.0698
The current learning rate is 0.000041
Epoch 22 training time cost: 38.2724 seconds
Test results: SROCC=0.8994, KROCC=0.7236, PLCC=0.9015, RMSE=1.1440
Epoch 23 averaged training loss: 1.6865
The current learning rate is 0.000041
Epoch 23 training time cost: 37.7461 seconds
Test results: SROCC=0.9054, KROCC=0.7213, PLCC=0.9114, RMSE=1.0878
Epoch 24 averaged training loss: 1.5970
The current learning rate is 0.000036
Epoch 24 training time cost: 38.8533 seconds
Test results: SROCC=0.9344, KROCC=0.7631, PLCC=0.9466, RMSE=0.8524
Epoch 25 averaged training loss: 1.5929
The current learning rate is 0.000036
Epoch 25 training time cost: 39.1531 seconds
Test results: SROCC=0.8804, KROCC=0.6980, PLCC=0.8827, RMSE=1.2424
Epoch 26 averaged training loss: 1.4817
The current learning rate is 0.000036
Epoch 26 training time cost: 38.6119 seconds
Test results: SROCC=0.9261, KROCC=0.7607, PLCC=0.9131, RMSE=1.0778
Epoch 27 averaged training loss: 1.4275
The current learning rate is 0.000036
Epoch 27 training time cost: 38.3585 seconds
Test results: SROCC=0.8845, KROCC=0.7120, PLCC=0.8686, RMSE=1.3102
Epoch 28 averaged training loss: 1.4419
The current learning rate is 0.000036
Epoch 28 training time cost: 38.1229 seconds
Test results: SROCC=0.9240, KROCC=0.7584, PLCC=0.9244, RMSE=1.0086
Epoch 29 averaged training loss: 1.8117
The current learning rate is 0.000036
Epoch 29 training time cost: 38.2342 seconds
Test results: SROCC=0.8896, KROCC=0.7305, PLCC=0.8713, RMSE=1.2976
Epoch 30 averaged training loss: 1.6032
The current learning rate is 0.000036
Epoch 30 training time cost: 38.1016 seconds
Test results: SROCC=0.9408, KROCC=0.8049, PLCC=0.9481, RMSE=0.8409
Epoch 31 averaged training loss: 1.3962
The current learning rate is 0.000036
Epoch 31 training time cost: 38.7273 seconds
Test results: SROCC=0.9368, KROCC=0.7886, PLCC=0.9259, RMSE=0.9987
Epoch 32 averaged training loss: 1.6406
The current learning rate is 0.000033
Epoch 32 training time cost: 38.3553 seconds
Test results: SROCC=0.9627, KROCC=0.8397, PLCC=0.9673, RMSE=0.6703
Update best model using best_val_criterion 
Update the best Test results: SROCC=0.9627, KROCC=0.8397, PLCC=0.9673, RMSE=0.6703
Epoch 33 averaged training loss: 1.6610
The current learning rate is 0.000033
Epoch 33 training time cost: 37.8461 seconds
Test results: SROCC=0.9520, KROCC=0.8188, PLCC=0.9546, RMSE=0.7878
Epoch 34 averaged training loss: 1.3942
The current learning rate is 0.000033
Epoch 34 training time cost: 38.0819 seconds
Test results: SROCC=0.8422, KROCC=0.6632, PLCC=0.8595, RMSE=1.3516
Epoch 35 averaged training loss: 1.5810
The current learning rate is 0.000033
Epoch 35 training time cost: 37.8316 seconds
Test results: SROCC=0.8911, KROCC=0.7143, PLCC=0.9098, RMSE=1.0973
Epoch 36 averaged training loss: 1.2300
The current learning rate is 0.000033
Epoch 36 training time cost: 38.4726 seconds
Test results: SROCC=0.9468, KROCC=0.7956, PLCC=0.9536, RMSE=0.7960
Epoch 37 averaged training loss: 1.1933
The current learning rate is 0.000033
Epoch 37 training time cost: 37.7184 seconds
Test results: SROCC=0.8854, KROCC=0.7143, PLCC=0.8877, RMSE=1.2174
Epoch 38 averaged training loss: 1.3566
The current learning rate is 0.000033
Epoch 38 training time cost: 38.9228 seconds
Test results: SROCC=0.8880, KROCC=0.7213, PLCC=0.8858, RMSE=1.2270
Epoch 39 averaged training loss: 1.3370
The current learning rate is 0.000033
Epoch 39 training time cost: 38.8747 seconds
Test results: SROCC=0.8443, KROCC=0.6632, PLCC=0.8529, RMSE=1.3801
Epoch 40 averaged training loss: 1.1465
The current learning rate is 0.000030
Epoch 40 training time cost: 38.3758 seconds
Test results: SROCC=0.9504, KROCC=0.8072, PLCC=0.9642, RMSE=0.7009
Epoch 41 averaged training loss: 1.1622
The current learning rate is 0.000030
Epoch 41 training time cost: 38.3629 seconds
Test results: SROCC=0.9067, KROCC=0.7282, PLCC=0.9126, RMSE=1.0809
Epoch 42 averaged training loss: 1.1955
The current learning rate is 0.000030
Epoch 42 training time cost: 37.9179 seconds
Test results: SROCC=0.9285, KROCC=0.7793, PLCC=0.9270, RMSE=0.9917
Epoch 43 averaged training loss: 1.1713
The current learning rate is 0.000030
Epoch 43 training time cost: 38.2321 seconds
Test results: SROCC=0.9538, KROCC=0.8281, PLCC=0.9594, RMSE=0.7457
Epoch 44 averaged training loss: 1.2699
The current learning rate is 0.000030
Epoch 44 training time cost: 38.6717 seconds
Test results: SROCC=0.9277, KROCC=0.7793, PLCC=0.9358, RMSE=0.9323
Epoch 45 averaged training loss: 1.0861
The current learning rate is 0.000030
Epoch 45 training time cost: 38.0118 seconds
Test results: SROCC=0.9405, KROCC=0.8026, PLCC=0.9447, RMSE=0.8671
Epoch 46 averaged training loss: 1.1451
The current learning rate is 0.000030
Epoch 46 training time cost: 38.1606 seconds
Test results: SROCC=0.9383, KROCC=0.7840, PLCC=0.9440, RMSE=0.8720
Epoch 47 averaged training loss: 1.1277
The current learning rate is 0.000030
Epoch 47 training time cost: 38.1638 seconds
Test results: SROCC=0.9267, KROCC=0.7677, PLCC=0.9284, RMSE=0.9821
Epoch 48 averaged training loss: 1.0488
The current learning rate is 0.000027
Epoch 48 training time cost: 38.4238 seconds
Test results: SROCC=0.9614, KROCC=0.8420, PLCC=0.9680, RMSE=0.6635
Epoch 49 averaged training loss: 1.1712
The current learning rate is 0.000027
Epoch 49 training time cost: 38.0689 seconds
Test results: SROCC=0.9251, KROCC=0.7677, PLCC=0.9281, RMSE=0.9843
Epoch 50 averaged training loss: 1.0727
The current learning rate is 0.000027
Epoch 50 training time cost: 38.1229 seconds
Test results: SROCC=0.9506, KROCC=0.8235, PLCC=0.9548, RMSE=0.7863
SJTU
The best Val results: SROCC=0.9627, KROCC=0.8397, PLCC=0.9673, RMSE=0.6703
*************************************************************************************************************************
*************************************************************************************************************************
The mean val results: SROCC=0.9352, KROCC=0.7947, PLCC=0.9553, RMSE=0.6963
*************************************************************************************************************************
