*************************************************************************************************************************
Random Seed:  1998
The current k_fold_id is 1
Trainging set: csvfiles/wpc2.0_data_info/train_1.csv
Using model: MM-PCQA
Using l2rank loss
Using Adam optimizer, initial learning rate: 5e-05
Ready to train network
*************************************************************************************************************************
Epoch 1 averaged training loss: 1988.3891
The current learning rate is 0.000050
Epoch 1 training time cost: 37.5751 seconds
Test results: SROCC=0.6388, KROCC=0.4630, PLCC=0.6168, RMSE=15.2707
Update best model using best_val_criterion 
Update the best Test results: SROCC=0.6388, KROCC=0.4630, PLCC=0.6168, RMSE=15.2707
Epoch 2 averaged training loss: 311.2764
The current learning rate is 0.000050
Epoch 2 training time cost: 34.1354 seconds
Test results: SROCC=0.6252, KROCC=0.4517, PLCC=0.6011, RMSE=15.5053
Epoch 3 averaged training loss: 260.4994
The current learning rate is 0.000050
Epoch 3 training time cost: 35.0876 seconds
Test results: SROCC=0.6875, KROCC=0.5111, PLCC=0.6787, RMSE=14.2492
Update best model using best_val_criterion 
Update the best Test results: SROCC=0.6875, KROCC=0.5111, PLCC=0.6787, RMSE=14.2492
Epoch 4 averaged training loss: 224.8911
The current learning rate is 0.000050
Epoch 4 training time cost: 34.5793 seconds
Test results: SROCC=0.6824, KROCC=0.5022, PLCC=0.6791, RMSE=14.2414
Epoch 5 averaged training loss: 232.4649
The current learning rate is 0.000050
Epoch 5 training time cost: 34.4373 seconds
Test results: SROCC=0.7692, KROCC=0.5879, PLCC=0.7596, RMSE=12.6183
Update best model using best_val_criterion 
Update the best Test results: SROCC=0.7692, KROCC=0.5879, PLCC=0.7596, RMSE=12.6183
Epoch 6 averaged training loss: 245.8269
The current learning rate is 0.000050
Epoch 6 training time cost: 34.6327 seconds
Test results: SROCC=0.7519, KROCC=0.5564, PLCC=0.6703, RMSE=14.3983
Epoch 7 averaged training loss: 203.2238
The current learning rate is 0.000050
Epoch 7 training time cost: 34.5932 seconds
Test results: SROCC=0.7756, KROCC=0.5895, PLCC=0.7766, RMSE=12.2226
Update best model using best_val_criterion 
Update the best Test results: SROCC=0.7756, KROCC=0.5895, PLCC=0.7766, RMSE=12.2226
Epoch 8 averaged training loss: 190.9930
The current learning rate is 0.000045
Epoch 8 training time cost: 34.3837 seconds
Test results: SROCC=0.7536, KROCC=0.5737, PLCC=0.7547, RMSE=12.7284
Epoch 9 averaged training loss: 191.7389
The current learning rate is 0.000045
Epoch 9 training time cost: 34.4801 seconds
Test results: SROCC=0.6943, KROCC=0.4994, PLCC=0.6930, RMSE=13.9863
Epoch 10 averaged training loss: 186.7407
The current learning rate is 0.000045
Epoch 10 training time cost: 33.9701 seconds
Test results: SROCC=0.8123, KROCC=0.6202, PLCC=0.8022, RMSE=11.5828
Update best model using best_val_criterion 
Update the best Test results: SROCC=0.8123, KROCC=0.6202, PLCC=0.8022, RMSE=11.5828
Epoch 11 averaged training loss: 200.7340
The current learning rate is 0.000045
Epoch 11 training time cost: 34.4358 seconds
Test results: SROCC=0.7347, KROCC=0.5378, PLCC=0.7304, RMSE=13.2523
Epoch 12 averaged training loss: 198.5248
The current learning rate is 0.000045
Epoch 12 training time cost: 35.0026 seconds
Test results: SROCC=0.7953, KROCC=0.6020, PLCC=0.7855, RMSE=12.0056
Epoch 13 averaged training loss: 183.5432
The current learning rate is 0.000045
Epoch 13 training time cost: 34.3037 seconds
Test results: SROCC=0.7428, KROCC=0.5681, PLCC=0.7316, RMSE=13.2258
Epoch 14 averaged training loss: 182.9230
The current learning rate is 0.000045
Epoch 14 training time cost: 34.5424 seconds
Test results: SROCC=0.7407, KROCC=0.5386, PLCC=0.7169, RMSE=13.5259
Epoch 15 averaged training loss: 194.4798
The current learning rate is 0.000045
Epoch 15 training time cost: 34.9730 seconds
Test results: SROCC=0.7453, KROCC=0.5491, PLCC=0.7360, RMSE=13.1341
Epoch 16 averaged training loss: 179.0254
The current learning rate is 0.000041
Epoch 16 training time cost: 35.0467 seconds
Test results: SROCC=0.7774, KROCC=0.5798, PLCC=0.7597, RMSE=12.6167
Epoch 17 averaged training loss: 162.5312
The current learning rate is 0.000041
Epoch 17 training time cost: 35.0746 seconds
Test results: SROCC=0.7191, KROCC=0.5398, PLCC=0.6961, RMSE=13.9295
Epoch 18 averaged training loss: 186.3268
The current learning rate is 0.000041
Epoch 18 training time cost: 34.5916 seconds
Test results: SROCC=0.7457, KROCC=0.5463, PLCC=0.7176, RMSE=13.5116
Epoch 19 averaged training loss: 191.2479
The current learning rate is 0.000041
Epoch 19 training time cost: 34.5913 seconds
Test results: SROCC=0.6698, KROCC=0.4784, PLCC=0.6371, RMSE=14.9539
Epoch 20 averaged training loss: 216.6191
The current learning rate is 0.000041
Epoch 20 training time cost: 34.4099 seconds
Test results: SROCC=0.7103, KROCC=0.5269, PLCC=0.6318, RMSE=15.0392
Epoch 21 averaged training loss: 171.6753
The current learning rate is 0.000041
Epoch 21 training time cost: 34.6568 seconds
Test results: SROCC=0.7294, KROCC=0.5370, PLCC=0.7111, RMSE=13.6411
Epoch 22 averaged training loss: 169.3368
The current learning rate is 0.000041
Epoch 22 training time cost: 34.5744 seconds
Test results: SROCC=0.7566, KROCC=0.5568, PLCC=0.7390, RMSE=13.0705
Epoch 23 averaged training loss: 158.0617
The current learning rate is 0.000041
Epoch 23 training time cost: 34.5908 seconds
Test results: SROCC=0.7667, KROCC=0.5741, PLCC=0.6850, RMSE=14.1344
Epoch 24 averaged training loss: 186.6168
The current learning rate is 0.000036
Epoch 24 training time cost: 34.4156 seconds
Test results: SROCC=0.7613, KROCC=0.5758, PLCC=0.7510, RMSE=12.8116
Epoch 25 averaged training loss: 179.6333
The current learning rate is 0.000036
Epoch 25 training time cost: 34.2538 seconds
Test results: SROCC=0.7051, KROCC=0.5131, PLCC=0.6986, RMSE=13.8822
Epoch 26 averaged training loss: 157.1482
The current learning rate is 0.000036
Epoch 26 training time cost: 34.8587 seconds
Test results: SROCC=0.7435, KROCC=0.5584, PLCC=0.7250, RMSE=13.3616
Epoch 27 averaged training loss: 141.2310
The current learning rate is 0.000036
Epoch 27 training time cost: 34.4550 seconds
Test results: SROCC=0.7285, KROCC=0.5345, PLCC=0.7176, RMSE=13.5126
Epoch 28 averaged training loss: 143.0438
The current learning rate is 0.000036
Epoch 28 training time cost: 34.6086 seconds
Test results: SROCC=0.6286, KROCC=0.4469, PLCC=0.6194, RMSE=15.2317
Epoch 29 averaged training loss: 156.2796
The current learning rate is 0.000036
Epoch 29 training time cost: 34.2451 seconds
Test results: SROCC=0.7371, KROCC=0.5358, PLCC=0.7320, RMSE=13.2187
Epoch 30 averaged training loss: 120.4913
The current learning rate is 0.000036
Epoch 30 training time cost: 34.3304 seconds
Test results: SROCC=0.7467, KROCC=0.5438, PLCC=0.7462, RMSE=12.9160
Epoch 31 averaged training loss: 164.3669
The current learning rate is 0.000036
Epoch 31 training time cost: 34.5496 seconds
Test results: SROCC=0.6728, KROCC=0.4796, PLCC=0.6750, RMSE=14.3144
Epoch 32 averaged training loss: 207.6894
The current learning rate is 0.000033
Epoch 32 training time cost: 34.3615 seconds
Test results: SROCC=0.8021, KROCC=0.6020, PLCC=0.7900, RMSE=11.8945
Epoch 33 averaged training loss: 144.4706
The current learning rate is 0.000033
Epoch 33 training time cost: 34.7838 seconds
Test results: SROCC=0.7523, KROCC=0.5543, PLCC=0.7505, RMSE=12.8214
Epoch 34 averaged training loss: 144.8947
The current learning rate is 0.000033
Epoch 34 training time cost: 34.1522 seconds
Test results: SROCC=0.7594, KROCC=0.5620, PLCC=0.7530, RMSE=12.7664
Epoch 35 averaged training loss: 144.7404
The current learning rate is 0.000033
Epoch 35 training time cost: 34.1356 seconds
Test results: SROCC=0.7870, KROCC=0.5931, PLCC=0.7729, RMSE=12.3108
Epoch 36 averaged training loss: 170.7904
The current learning rate is 0.000033
Epoch 36 training time cost: 34.4751 seconds
Test results: SROCC=0.7180, KROCC=0.5378, PLCC=0.6990, RMSE=13.8749
Epoch 37 averaged training loss: 150.0227
The current learning rate is 0.000033
Epoch 37 training time cost: 34.4846 seconds
Test results: SROCC=0.7470, KROCC=0.5628, PLCC=0.7331, RMSE=13.1949
Epoch 38 averaged training loss: 131.3780
The current learning rate is 0.000033
Epoch 38 training time cost: 34.2992 seconds
Test results: SROCC=0.8027, KROCC=0.6206, PLCC=0.7866, RMSE=11.9788
Epoch 39 averaged training loss: 136.6520
The current learning rate is 0.000033
Epoch 39 training time cost: 34.5801 seconds
Test results: SROCC=0.7653, KROCC=0.5830, PLCC=0.7535, RMSE=12.7561
Epoch 40 averaged training loss: 145.4793
The current learning rate is 0.000030
Epoch 40 training time cost: 34.2587 seconds
Test results: SROCC=0.7078, KROCC=0.5325, PLCC=0.6984, RMSE=13.8861
Epoch 41 averaged training loss: 135.6256
The current learning rate is 0.000030
Epoch 41 training time cost: 34.6668 seconds
Test results: SROCC=0.7285, KROCC=0.5467, PLCC=0.7273, RMSE=13.3146
Epoch 42 averaged training loss: 126.6200
The current learning rate is 0.000030
Epoch 42 training time cost: 34.3481 seconds
Test results: SROCC=0.7411, KROCC=0.5580, PLCC=0.7378, RMSE=13.0963
Epoch 43 averaged training loss: 112.8172
The current learning rate is 0.000030
Epoch 43 training time cost: 34.5133 seconds
Test results: SROCC=0.7477, KROCC=0.5616, PLCC=0.7405, RMSE=13.0378
Epoch 44 averaged training loss: 115.3439
The current learning rate is 0.000030
Epoch 44 training time cost: 35.3286 seconds
Test results: SROCC=0.7709, KROCC=0.5867, PLCC=0.7580, RMSE=12.6556
Epoch 45 averaged training loss: 118.4837
The current learning rate is 0.000030
Epoch 45 training time cost: 34.1204 seconds
Test results: SROCC=0.7491, KROCC=0.5644, PLCC=0.7422, RMSE=13.0014
Epoch 46 averaged training loss: 145.3587
The current learning rate is 0.000030
Epoch 46 training time cost: 34.6026 seconds
Test results: SROCC=0.7327, KROCC=0.5560, PLCC=0.7274, RMSE=13.3138
Epoch 47 averaged training loss: 134.7729
The current learning rate is 0.000030
Epoch 47 training time cost: 34.4603 seconds
Test results: SROCC=0.7627, KROCC=0.5737, PLCC=0.7589, RMSE=12.6350
Epoch 48 averaged training loss: 109.0148
The current learning rate is 0.000027
Epoch 48 training time cost: 34.5625 seconds
Test results: SROCC=0.7712, KROCC=0.5826, PLCC=0.7621, RMSE=12.5620
Epoch 49 averaged training loss: 109.5841
The current learning rate is 0.000027
Epoch 49 training time cost: 34.8544 seconds
Test results: SROCC=0.7847, KROCC=0.5976, PLCC=0.7847, RMSE=12.0255
Epoch 50 averaged training loss: 118.8476
The current learning rate is 0.000027
Epoch 50 training time cost: 34.8745 seconds
Test results: SROCC=0.8096, KROCC=0.6234, PLCC=0.7996, RMSE=11.6522
WPC2.0
The best Val results: SROCC=0.8123, KROCC=0.6202, PLCC=0.8022, RMSE=11.5828
*************************************************************************************************************************
The current k_fold_id is 2
Trainging set: csvfiles/wpc2.0_data_info/train_2.csv
Using model: MM-PCQA
Using l2rank loss
Using Adam optimizer, initial learning rate: 5e-05
Ready to train network
*************************************************************************************************************************
Epoch 1 averaged training loss: 1889.6446
The current learning rate is 0.000050
Epoch 1 training time cost: 34.5616 seconds
Test results: SROCC=0.7185, KROCC=0.5293, PLCC=0.6361, RMSE=18.0872
Update best model using best_val_criterion 
Update the best Test results: SROCC=0.7185, KROCC=0.5293, PLCC=0.6361, RMSE=18.0872
Epoch 2 averaged training loss: 276.7436
The current learning rate is 0.000050
Epoch 2 training time cost: 34.3401 seconds
Test results: SROCC=0.8073, KROCC=0.6198, PLCC=0.7912, RMSE=14.3359
Update best model using best_val_criterion 
Update the best Test results: SROCC=0.8073, KROCC=0.6198, PLCC=0.7912, RMSE=14.3359
Epoch 3 averaged training loss: 239.5181
The current learning rate is 0.000050
Epoch 3 training time cost: 34.5807 seconds
Test results: SROCC=0.6846, KROCC=0.4962, PLCC=0.6792, RMSE=17.2046
Epoch 4 averaged training loss: 234.0884
The current learning rate is 0.000050
Epoch 4 training time cost: 34.6852 seconds
Test results: SROCC=0.7571, KROCC=0.5608, PLCC=0.7591, RMSE=15.2613
Epoch 5 averaged training loss: 199.3180
The current learning rate is 0.000050
Epoch 5 training time cost: 34.3607 seconds
Test results: SROCC=0.7535, KROCC=0.5560, PLCC=0.7591, RMSE=15.2592
Epoch 6 averaged training loss: 216.4174
The current learning rate is 0.000050
Epoch 6 training time cost: 35.1895 seconds
Test results: SROCC=0.7921, KROCC=0.5960, PLCC=0.8000, RMSE=14.0639
Epoch 7 averaged training loss: 222.0036
The current learning rate is 0.000050
Epoch 7 training time cost: 34.7666 seconds
Test results: SROCC=0.7814, KROCC=0.5818, PLCC=0.7840, RMSE=14.5525
Epoch 8 averaged training loss: 212.9214
The current learning rate is 0.000045
Epoch 8 training time cost: 34.7421 seconds
Test results: SROCC=0.7487, KROCC=0.5572, PLCC=0.7580, RMSE=15.2902
Epoch 9 averaged training loss: 177.0322
The current learning rate is 0.000045
Epoch 9 training time cost: 34.4074 seconds
Test results: SROCC=0.7759, KROCC=0.5798, PLCC=0.7738, RMSE=14.8477
Epoch 10 averaged training loss: 151.3389
The current learning rate is 0.000045
Epoch 10 training time cost: 34.6534 seconds
Test results: SROCC=0.7681, KROCC=0.5774, PLCC=0.7743, RMSE=14.8341
Epoch 11 averaged training loss: 183.9572
The current learning rate is 0.000045
Epoch 11 training time cost: 34.5796 seconds
Test results: SROCC=0.7663, KROCC=0.5697, PLCC=0.7731, RMSE=14.8676
Epoch 12 averaged training loss: 168.1637
The current learning rate is 0.000045
Epoch 12 training time cost: 34.7521 seconds
Test results: SROCC=0.7052, KROCC=0.5111, PLCC=0.7102, RMSE=16.5039
Epoch 13 averaged training loss: 158.5195
The current learning rate is 0.000045
Epoch 13 training time cost: 34.7547 seconds
Test results: SROCC=0.7379, KROCC=0.5438, PLCC=0.7535, RMSE=15.4111
Epoch 14 averaged training loss: 197.4910
The current learning rate is 0.000045
Epoch 14 training time cost: 34.4753 seconds
Test results: SROCC=0.7092, KROCC=0.5123, PLCC=0.5707, RMSE=19.2500
Epoch 15 averaged training loss: 188.5848
The current learning rate is 0.000045
Epoch 15 training time cost: 34.5942 seconds
Test results: SROCC=0.7689, KROCC=0.5766, PLCC=0.7813, RMSE=14.6305
Epoch 16 averaged training loss: 189.8893
The current learning rate is 0.000041
Epoch 16 training time cost: 34.1528 seconds
Test results: SROCC=0.7574, KROCC=0.5600, PLCC=0.6624, RMSE=17.5605
Epoch 17 averaged training loss: 170.3144
The current learning rate is 0.000041
Epoch 17 training time cost: 34.3879 seconds
Test results: SROCC=0.7786, KROCC=0.5855, PLCC=0.7828, RMSE=14.5884
Epoch 18 averaged training loss: 176.2117
The current learning rate is 0.000041
Epoch 18 training time cost: 34.7632 seconds
Test results: SROCC=0.7453, KROCC=0.5531, PLCC=0.6404, RMSE=18.0034
Epoch 19 averaged training loss: 145.3593
The current learning rate is 0.000041
Epoch 19 training time cost: 34.4707 seconds
Test results: SROCC=0.7315, KROCC=0.5370, PLCC=0.7387, RMSE=15.8010
Epoch 20 averaged training loss: 173.9031
The current learning rate is 0.000041
Epoch 20 training time cost: 34.3291 seconds
Test results: SROCC=0.7713, KROCC=0.5685, PLCC=0.6687, RMSE=17.4302
Epoch 21 averaged training loss: 160.0739
The current learning rate is 0.000041
Epoch 21 training time cost: 34.8221 seconds
Test results: SROCC=0.7438, KROCC=0.5471, PLCC=0.7362, RMSE=15.8653
Epoch 22 averaged training loss: 144.8398
The current learning rate is 0.000041
Epoch 22 training time cost: 34.8008 seconds
Test results: SROCC=0.7369, KROCC=0.5374, PLCC=0.7421, RMSE=15.7125
Epoch 23 averaged training loss: 152.0957
The current learning rate is 0.000041
Epoch 23 training time cost: 34.7124 seconds
Test results: SROCC=0.7086, KROCC=0.5083, PLCC=0.6272, RMSE=18.2585
Epoch 24 averaged training loss: 177.6840
The current learning rate is 0.000036
Epoch 24 training time cost: 34.3941 seconds
Test results: SROCC=0.7509, KROCC=0.5475, PLCC=0.7594, RMSE=15.2509
Epoch 25 averaged training loss: 133.9412
The current learning rate is 0.000036
Epoch 25 training time cost: 34.5355 seconds
Test results: SROCC=0.7809, KROCC=0.5798, PLCC=0.7849, RMSE=14.5243
Epoch 26 averaged training loss: 131.4776
The current learning rate is 0.000036
Epoch 26 training time cost: 34.5462 seconds
Test results: SROCC=0.7614, KROCC=0.5612, PLCC=0.7641, RMSE=15.1217
Epoch 27 averaged training loss: 142.2345
The current learning rate is 0.000036
Epoch 27 training time cost: 34.4869 seconds
Test results: SROCC=0.7892, KROCC=0.5891, PLCC=0.7984, RMSE=14.1145
Epoch 28 averaged training loss: 130.6673
The current learning rate is 0.000036
Epoch 28 training time cost: 34.3919 seconds
Test results: SROCC=0.7956, KROCC=0.5996, PLCC=0.8030, RMSE=13.9712
Epoch 29 averaged training loss: 134.3836
The current learning rate is 0.000036
Epoch 29 training time cost: 34.6442 seconds
Test results: SROCC=0.7672, KROCC=0.5657, PLCC=0.7708, RMSE=14.9335
Epoch 30 averaged training loss: 106.2399
The current learning rate is 0.000036
Epoch 30 training time cost: 34.4472 seconds
Test results: SROCC=0.7455, KROCC=0.5455, PLCC=0.6879, RMSE=17.0145
Epoch 31 averaged training loss: 141.1529
The current learning rate is 0.000036
Epoch 31 training time cost: 35.0385 seconds
Test results: SROCC=0.7573, KROCC=0.5588, PLCC=0.7622, RMSE=15.1755
Epoch 32 averaged training loss: 127.4876
The current learning rate is 0.000033
Epoch 32 training time cost: 34.4842 seconds
Test results: SROCC=0.7562, KROCC=0.5592, PLCC=0.6675, RMSE=17.4560
Epoch 33 averaged training loss: 141.3922
The current learning rate is 0.000033
Epoch 33 training time cost: 34.1224 seconds
Test results: SROCC=0.7699, KROCC=0.5693, PLCC=0.7734, RMSE=14.8599
Epoch 34 averaged training loss: 151.1589
The current learning rate is 0.000033
Epoch 34 training time cost: 34.8023 seconds
Test results: SROCC=0.8030, KROCC=0.6117, PLCC=0.8098, RMSE=13.7545
Epoch 35 averaged training loss: 121.0161
The current learning rate is 0.000033
Epoch 35 training time cost: 34.3711 seconds
Test results: SROCC=0.7857, KROCC=0.6040, PLCC=0.6985, RMSE=16.7757
Epoch 36 averaged training loss: 127.5541
The current learning rate is 0.000033
Epoch 36 training time cost: 34.7987 seconds
Test results: SROCC=0.7647, KROCC=0.5737, PLCC=0.7744, RMSE=14.8321
Epoch 37 averaged training loss: 161.0606
The current learning rate is 0.000033
Epoch 37 training time cost: 34.5155 seconds
Test results: SROCC=0.7096, KROCC=0.5212, PLCC=0.7240, RMSE=16.1712
Epoch 38 averaged training loss: 120.1549
The current learning rate is 0.000033
Epoch 38 training time cost: 34.5483 seconds
Test results: SROCC=0.7476, KROCC=0.5608, PLCC=0.7628, RMSE=15.1581
Epoch 39 averaged training loss: 120.2640
The current learning rate is 0.000033
Epoch 39 training time cost: 34.6114 seconds
Test results: SROCC=0.7591, KROCC=0.5648, PLCC=0.7717, RMSE=14.9098
Epoch 40 averaged training loss: 138.4557
The current learning rate is 0.000030
Epoch 40 training time cost: 34.6706 seconds
Test results: SROCC=0.7699, KROCC=0.5879, PLCC=0.7883, RMSE=14.4233
Epoch 41 averaged training loss: 136.6312
The current learning rate is 0.000030
Epoch 41 training time cost: 34.1845 seconds
Test results: SROCC=0.8186, KROCC=0.6376, PLCC=0.8241, RMSE=13.2776
Update best model using best_val_criterion 
Update the best Test results: SROCC=0.8186, KROCC=0.6376, PLCC=0.8241, RMSE=13.2776
Epoch 42 averaged training loss: 123.0913
The current learning rate is 0.000030
Epoch 42 training time cost: 34.3146 seconds
Test results: SROCC=0.8062, KROCC=0.6121, PLCC=0.8177, RMSE=13.4938
Epoch 43 averaged training loss: 158.1786
The current learning rate is 0.000030
Epoch 43 training time cost: 34.3284 seconds
Test results: SROCC=0.7830, KROCC=0.5834, PLCC=0.7897, RMSE=14.3815
Epoch 44 averaged training loss: 143.2119
The current learning rate is 0.000030
Epoch 44 training time cost: 34.0852 seconds
Test results: SROCC=0.8105, KROCC=0.6202, PLCC=0.8157, RMSE=13.5594
Epoch 45 averaged training loss: 126.6122
The current learning rate is 0.000030
Epoch 45 training time cost: 34.3587 seconds
Test results: SROCC=0.7425, KROCC=0.5685, PLCC=0.7681, RMSE=15.0108
Epoch 46 averaged training loss: 126.3774
The current learning rate is 0.000030
Epoch 46 training time cost: 34.6637 seconds
Test results: SROCC=0.7876, KROCC=0.5980, PLCC=0.8003, RMSE=14.0548
Epoch 47 averaged training loss: 116.1782
The current learning rate is 0.000030
Epoch 47 training time cost: 34.2717 seconds
Test results: SROCC=0.7884, KROCC=0.5895, PLCC=0.8046, RMSE=13.9189
Epoch 48 averaged training loss: 132.0993
The current learning rate is 0.000027
Epoch 48 training time cost: 34.6184 seconds
Test results: SROCC=0.7838, KROCC=0.5830, PLCC=0.7872, RMSE=14.4573
Epoch 49 averaged training loss: 105.3577
The current learning rate is 0.000027
Epoch 49 training time cost: 34.5936 seconds
Test results: SROCC=0.7878, KROCC=0.5931, PLCC=0.7848, RMSE=14.5287
Epoch 50 averaged training loss: 126.0349
The current learning rate is 0.000027
Epoch 50 training time cost: 34.4675 seconds
Test results: SROCC=0.7676, KROCC=0.5673, PLCC=0.7620, RMSE=15.1809
WPC2.0
The best Val results: SROCC=0.8186, KROCC=0.6376, PLCC=0.8241, RMSE=13.2776
*************************************************************************************************************************
The current k_fold_id is 3
Trainging set: csvfiles/wpc2.0_data_info/train_3.csv
Using model: MM-PCQA
Using l2rank loss
Using Adam optimizer, initial learning rate: 5e-05
Ready to train network
*************************************************************************************************************************
Epoch 1 averaged training loss: 2013.1203
The current learning rate is 0.000050
Epoch 1 training time cost: 34.0732 seconds
Test results: SROCC=0.7571, KROCC=0.5846, PLCC=0.7756, RMSE=14.2023
Update best model using best_val_criterion 
Update the best Test results: SROCC=0.7571, KROCC=0.5846, PLCC=0.7756, RMSE=14.2023
Epoch 2 averaged training loss: 278.6339
The current learning rate is 0.000050
Epoch 2 training time cost: 34.3783 seconds
Test results: SROCC=0.7840, KROCC=0.5947, PLCC=0.7891, RMSE=13.8220
Update best model using best_val_criterion 
Update the best Test results: SROCC=0.7840, KROCC=0.5947, PLCC=0.7891, RMSE=13.8220
Epoch 3 averaged training loss: 226.0617
The current learning rate is 0.000050
Epoch 3 training time cost: 34.3067 seconds
Test results: SROCC=0.7021, KROCC=0.5228, PLCC=0.5630, RMSE=18.5960
Epoch 4 averaged training loss: 274.2256
The current learning rate is 0.000050
Epoch 4 training time cost: 34.3147 seconds
Test results: SROCC=0.8041, KROCC=0.6154, PLCC=0.7991, RMSE=13.5258
Update best model using best_val_criterion 
Update the best Test results: SROCC=0.8041, KROCC=0.6154, PLCC=0.7991, RMSE=13.5258
Epoch 5 averaged training loss: 229.5795
The current learning rate is 0.000050
Epoch 5 training time cost: 34.5193 seconds
Test results: SROCC=0.7950, KROCC=0.6222, PLCC=0.8088, RMSE=13.2319
Epoch 6 averaged training loss: 204.9011
The current learning rate is 0.000050
Epoch 6 training time cost: 34.6053 seconds
Test results: SROCC=0.7325, KROCC=0.5402, PLCC=0.7463, RMSE=14.9757
Epoch 7 averaged training loss: 217.4245
The current learning rate is 0.000050
Epoch 7 training time cost: 34.2550 seconds
Test results: SROCC=0.7647, KROCC=0.5758, PLCC=0.7635, RMSE=14.5298
Epoch 8 averaged training loss: 189.7007
The current learning rate is 0.000045
Epoch 8 training time cost: 34.4001 seconds
Test results: SROCC=0.7014, KROCC=0.5281, PLCC=0.7220, RMSE=15.5685
Epoch 9 averaged training loss: 189.3744
The current learning rate is 0.000045
Epoch 9 training time cost: 35.0034 seconds
Test results: SROCC=0.7558, KROCC=0.5624, PLCC=0.6217, RMSE=17.6238
Epoch 10 averaged training loss: 187.7028
The current learning rate is 0.000045
Epoch 10 training time cost: 34.5489 seconds
Test results: SROCC=0.7973, KROCC=0.6097, PLCC=0.8069, RMSE=13.2917
Epoch 11 averaged training loss: 202.1709
The current learning rate is 0.000045
Epoch 11 training time cost: 34.3865 seconds
Test results: SROCC=0.8271, KROCC=0.6477, PLCC=0.8242, RMSE=12.7423
Update best model using best_val_criterion 
Update the best Test results: SROCC=0.8271, KROCC=0.6477, PLCC=0.8242, RMSE=12.7423
Epoch 12 averaged training loss: 214.9123
The current learning rate is 0.000045
Epoch 12 training time cost: 34.0223 seconds
Test results: SROCC=0.7903, KROCC=0.6048, PLCC=0.8002, RMSE=13.4944
Epoch 13 averaged training loss: 167.3515
The current learning rate is 0.000045
Epoch 13 training time cost: 34.9105 seconds
Test results: SROCC=0.7530, KROCC=0.5677, PLCC=0.7657, RMSE=14.4716
Epoch 14 averaged training loss: 174.6985
The current learning rate is 0.000045
Epoch 14 training time cost: 35.3503 seconds
Test results: SROCC=0.7773, KROCC=0.5976, PLCC=0.7927, RMSE=13.7173
Epoch 15 averaged training loss: 156.3926
The current learning rate is 0.000045
Epoch 15 training time cost: 34.5409 seconds
Test results: SROCC=0.8917, KROCC=0.7135, PLCC=0.8908, RMSE=10.2252
Update best model using best_val_criterion 
Update the best Test results: SROCC=0.8917, KROCC=0.7135, PLCC=0.8908, RMSE=10.2252
Epoch 16 averaged training loss: 206.1991
The current learning rate is 0.000041
Epoch 16 training time cost: 34.4567 seconds
Test results: SROCC=0.7912, KROCC=0.6283, PLCC=0.8255, RMSE=12.6988
Epoch 17 averaged training loss: 186.6780
The current learning rate is 0.000041
Epoch 17 training time cost: 34.7685 seconds
Test results: SROCC=0.7313, KROCC=0.5580, PLCC=0.7585, RMSE=14.6633
Epoch 18 averaged training loss: 185.5520
The current learning rate is 0.000041
Epoch 18 training time cost: 34.8853 seconds
Test results: SROCC=0.7621, KROCC=0.6032, PLCC=0.7898, RMSE=13.7995
Epoch 19 averaged training loss: 169.8730
The current learning rate is 0.000041
Epoch 19 training time cost: 34.6445 seconds
Test results: SROCC=0.7304, KROCC=0.5556, PLCC=0.7497, RMSE=14.8899
Epoch 20 averaged training loss: 152.5987
The current learning rate is 0.000041
Epoch 20 training time cost: 34.6554 seconds
Test results: SROCC=0.7941, KROCC=0.6073, PLCC=0.7855, RMSE=13.9232
Epoch 21 averaged training loss: 194.1393
The current learning rate is 0.000041
Epoch 21 training time cost: 34.7802 seconds
Test results: SROCC=0.6942, KROCC=0.5180, PLCC=0.7113, RMSE=15.8154
Epoch 22 averaged training loss: 156.7908
The current learning rate is 0.000041
Epoch 22 training time cost: 35.2898 seconds
Test results: SROCC=0.7988, KROCC=0.6206, PLCC=0.8159, RMSE=13.0106
Epoch 23 averaged training loss: 176.4324
The current learning rate is 0.000041
Epoch 23 training time cost: 35.0470 seconds
Test results: SROCC=0.8138, KROCC=0.6279, PLCC=0.8244, RMSE=12.7353
Epoch 24 averaged training loss: 163.4105
The current learning rate is 0.000036
Epoch 24 training time cost: 34.2908 seconds
Test results: SROCC=0.7137, KROCC=0.5329, PLCC=0.7360, RMSE=15.2316
Epoch 25 averaged training loss: 170.9443
The current learning rate is 0.000036
Epoch 25 training time cost: 34.7121 seconds
Test results: SROCC=0.8507, KROCC=0.6723, PLCC=0.8482, RMSE=11.9185
Epoch 26 averaged training loss: 190.7401
The current learning rate is 0.000036
Epoch 26 training time cost: 34.8821 seconds
Test results: SROCC=0.8394, KROCC=0.6481, PLCC=0.7506, RMSE=14.8682
Epoch 27 averaged training loss: 200.2423
The current learning rate is 0.000036
Epoch 27 training time cost: 34.3380 seconds
Test results: SROCC=0.7312, KROCC=0.5467, PLCC=0.7387, RMSE=15.1657
Epoch 28 averaged training loss: 154.9369
The current learning rate is 0.000036
Epoch 28 training time cost: 34.7378 seconds
Test results: SROCC=0.8323, KROCC=0.6598, PLCC=0.8371, RMSE=12.3100
Epoch 29 averaged training loss: 191.7226
The current learning rate is 0.000036
Epoch 29 training time cost: 34.6323 seconds
Test results: SROCC=0.8212, KROCC=0.6400, PLCC=0.8241, RMSE=12.7457
Epoch 30 averaged training loss: 186.1902
The current learning rate is 0.000036
Epoch 30 training time cost: 34.8298 seconds
Test results: SROCC=0.8167, KROCC=0.6356, PLCC=0.8179, RMSE=12.9469
Epoch 31 averaged training loss: 155.3420
The current learning rate is 0.000036
Epoch 31 training time cost: 34.9060 seconds
Test results: SROCC=0.9073, KROCC=0.7434, PLCC=0.9067, RMSE=9.4894
Update best model using best_val_criterion 
Update the best Test results: SROCC=0.9073, KROCC=0.7434, PLCC=0.9067, RMSE=9.4894
Epoch 32 averaged training loss: 133.7094
The current learning rate is 0.000033
Epoch 32 training time cost: 34.6012 seconds
Test results: SROCC=0.8486, KROCC=0.6836, PLCC=0.8635, RMSE=11.3476
Epoch 33 averaged training loss: 155.2285
The current learning rate is 0.000033
Epoch 33 training time cost: 34.5397 seconds
Test results: SROCC=0.8888, KROCC=0.7204, PLCC=0.8880, RMSE=10.3484
Epoch 34 averaged training loss: 158.6521
The current learning rate is 0.000033
Epoch 34 training time cost: 34.4544 seconds
Test results: SROCC=0.8342, KROCC=0.6651, PLCC=0.8370, RMSE=12.3113
Epoch 35 averaged training loss: 135.4892
The current learning rate is 0.000033
Epoch 35 training time cost: 34.8185 seconds
Test results: SROCC=0.8179, KROCC=0.6347, PLCC=0.8207, RMSE=12.8554
Epoch 36 averaged training loss: 166.5040
The current learning rate is 0.000033
Epoch 36 training time cost: 34.4128 seconds
Test results: SROCC=0.8421, KROCC=0.6634, PLCC=0.8387, RMSE=12.2533
Epoch 37 averaged training loss: 156.4922
The current learning rate is 0.000033
Epoch 37 training time cost: 34.3676 seconds
Test results: SROCC=0.7715, KROCC=0.5943, PLCC=0.7931, RMSE=13.7043
Epoch 38 averaged training loss: 151.3162
The current learning rate is 0.000033
Epoch 38 training time cost: 34.4279 seconds
Test results: SROCC=0.7521, KROCC=0.5826, PLCC=0.7809, RMSE=14.0540
Epoch 39 averaged training loss: 139.0779
The current learning rate is 0.000033
Epoch 39 training time cost: 34.4063 seconds
Test results: SROCC=0.8208, KROCC=0.6444, PLCC=0.8327, RMSE=12.4582
Epoch 40 averaged training loss: 151.4354
The current learning rate is 0.000030
Epoch 40 training time cost: 34.7260 seconds
Test results: SROCC=0.8546, KROCC=0.6634, PLCC=0.8497, RMSE=11.8625
Epoch 41 averaged training loss: 102.0156
The current learning rate is 0.000030
Epoch 41 training time cost: 34.2706 seconds
Test results: SROCC=0.7967, KROCC=0.6089, PLCC=0.7925, RMSE=13.7209
Epoch 42 averaged training loss: 123.6694
The current learning rate is 0.000030
Epoch 42 training time cost: 34.8094 seconds
Test results: SROCC=0.7969, KROCC=0.6145, PLCC=0.7995, RMSE=13.5138
Epoch 43 averaged training loss: 143.6557
The current learning rate is 0.000030
Epoch 43 training time cost: 34.3454 seconds
Test results: SROCC=0.8129, KROCC=0.6259, PLCC=0.8136, RMSE=13.0819
Epoch 44 averaged training loss: 135.4758
The current learning rate is 0.000030
Epoch 44 training time cost: 34.3384 seconds
Test results: SROCC=0.8974, KROCC=0.7265, PLCC=0.8954, RMSE=10.0191
Epoch 45 averaged training loss: 116.1714
The current learning rate is 0.000030
Epoch 45 training time cost: 34.6707 seconds
Test results: SROCC=0.8240, KROCC=0.6372, PLCC=0.8422, RMSE=12.1329
Epoch 46 averaged training loss: 121.6832
The current learning rate is 0.000030
Epoch 46 training time cost: 34.7375 seconds
Test results: SROCC=0.8043, KROCC=0.6162, PLCC=0.8070, RMSE=13.2877
Epoch 47 averaged training loss: 134.9179
The current learning rate is 0.000030
Epoch 47 training time cost: 34.4934 seconds
Test results: SROCC=0.7846, KROCC=0.5935, PLCC=0.7984, RMSE=13.5465
Epoch 48 averaged training loss: 133.9850
The current learning rate is 0.000027
Epoch 48 training time cost: 34.7163 seconds
Test results: SROCC=0.8791, KROCC=0.7095, PLCC=0.8798, RMSE=10.6973
Epoch 49 averaged training loss: 125.0798
The current learning rate is 0.000027
Epoch 49 training time cost: 34.6042 seconds
Test results: SROCC=0.7837, KROCC=0.5939, PLCC=0.7797, RMSE=14.0898
Epoch 50 averaged training loss: 108.7440
The current learning rate is 0.000027
Epoch 50 training time cost: 34.8017 seconds
Test results: SROCC=0.8460, KROCC=0.6606, PLCC=0.8464, RMSE=11.9809
WPC2.0
The best Val results: SROCC=0.9073, KROCC=0.7434, PLCC=0.9067, RMSE=9.4894
*************************************************************************************************************************
The current k_fold_id is 4
Trainging set: csvfiles/wpc2.0_data_info/train_4.csv
Using model: MM-PCQA
Using l2rank loss
Using Adam optimizer, initial learning rate: 5e-05
Ready to train network
*************************************************************************************************************************
Epoch 1 averaged training loss: 1964.0932
The current learning rate is 0.000050
Epoch 1 training time cost: 34.7331 seconds
Test results: SROCC=0.7235, KROCC=0.5313, PLCC=0.7181, RMSE=15.4187
Update best model using best_val_criterion 
Update the best Test results: SROCC=0.7235, KROCC=0.5313, PLCC=0.7181, RMSE=15.4187
Epoch 2 averaged training loss: 294.6100
The current learning rate is 0.000050
Epoch 2 training time cost: 34.6341 seconds
Test results: SROCC=0.6246, KROCC=0.4360, PLCC=0.6119, RMSE=17.5230
Epoch 3 averaged training loss: 245.8992
The current learning rate is 0.000050
Epoch 3 training time cost: 34.2738 seconds
Test results: SROCC=0.7055, KROCC=0.5131, PLCC=0.7049, RMSE=15.7151
Epoch 4 averaged training loss: 219.4910
The current learning rate is 0.000050
Epoch 4 training time cost: 34.3267 seconds
Test results: SROCC=0.5147, KROCC=0.3604, PLCC=0.5044, RMSE=19.1308
Epoch 5 averaged training loss: 249.4883
The current learning rate is 0.000050
Epoch 5 training time cost: 34.8999 seconds
Test results: SROCC=0.7021, KROCC=0.5143, PLCC=0.6924, RMSE=15.9860
Epoch 6 averaged training loss: 218.3934
The current learning rate is 0.000050
Epoch 6 training time cost: 34.5273 seconds
Test results: SROCC=0.7479, KROCC=0.5539, PLCC=0.7447, RMSE=14.7867
Update best model using best_val_criterion 
Update the best Test results: SROCC=0.7479, KROCC=0.5539, PLCC=0.7447, RMSE=14.7867
Epoch 7 averaged training loss: 215.1067
The current learning rate is 0.000050
Epoch 7 training time cost: 34.4521 seconds
Test results: SROCC=0.6675, KROCC=0.4695, PLCC=0.6609, RMSE=16.6263
Epoch 8 averaged training loss: 208.2370
The current learning rate is 0.000045
Epoch 8 training time cost: 34.5336 seconds
Test results: SROCC=0.6546, KROCC=0.4655, PLCC=0.6476, RMSE=16.8821
Epoch 9 averaged training loss: 228.0333
The current learning rate is 0.000045
Epoch 9 training time cost: 34.5779 seconds
Test results: SROCC=0.6599, KROCC=0.4743, PLCC=0.6600, RMSE=16.6456
Epoch 10 averaged training loss: 200.4305
The current learning rate is 0.000045
Epoch 10 training time cost: 34.7979 seconds
Test results: SROCC=0.6246, KROCC=0.4428, PLCC=0.5800, RMSE=18.0481
Epoch 11 averaged training loss: 223.5667
The current learning rate is 0.000045
Epoch 11 training time cost: 34.6870 seconds
Test results: SROCC=0.5448, KROCC=0.3931, PLCC=0.5682, RMSE=18.2315
Epoch 12 averaged training loss: 214.1696
The current learning rate is 0.000045
Epoch 12 training time cost: 34.2726 seconds
Test results: SROCC=0.6753, KROCC=0.4865, PLCC=0.6706, RMSE=16.4347
Epoch 13 averaged training loss: 199.0597
The current learning rate is 0.000045
Epoch 13 training time cost: 34.5693 seconds
Test results: SROCC=0.7054, KROCC=0.5139, PLCC=0.7094, RMSE=15.6148
Epoch 14 averaged training loss: 263.9446
The current learning rate is 0.000045
Epoch 14 training time cost: 34.4133 seconds
Test results: SROCC=0.7534, KROCC=0.5608, PLCC=0.6977, RMSE=15.8731
Update best model using best_val_criterion 
Update the best Test results: SROCC=0.7534, KROCC=0.5608, PLCC=0.6977, RMSE=15.8731
Epoch 15 averaged training loss: 212.1077
The current learning rate is 0.000045
Epoch 15 training time cost: 34.4399 seconds
Test results: SROCC=0.7008, KROCC=0.4990, PLCC=0.7072, RMSE=15.6646
Epoch 16 averaged training loss: 169.9212
The current learning rate is 0.000041
Epoch 16 training time cost: 34.6986 seconds
Test results: SROCC=0.6848, KROCC=0.4893, PLCC=0.6894, RMSE=16.0497
Epoch 17 averaged training loss: 162.9598
The current learning rate is 0.000041
Epoch 17 training time cost: 34.7211 seconds
Test results: SROCC=0.7092, KROCC=0.5107, PLCC=0.7232, RMSE=15.3013
Epoch 18 averaged training loss: 192.4598
The current learning rate is 0.000041
Epoch 18 training time cost: 34.5187 seconds
Test results: SROCC=0.6272, KROCC=0.4586, PLCC=0.6290, RMSE=17.2245
Epoch 19 averaged training loss: 169.9109
The current learning rate is 0.000041
Epoch 19 training time cost: 34.6714 seconds
Test results: SROCC=0.6418, KROCC=0.4562, PLCC=0.5993, RMSE=17.7370
Epoch 20 averaged training loss: 186.5186
The current learning rate is 0.000041
Epoch 20 training time cost: 34.7893 seconds
Test results: SROCC=0.7180, KROCC=0.5257, PLCC=0.7016, RMSE=15.7866
Epoch 21 averaged training loss: 151.2680
The current learning rate is 0.000041
Epoch 21 training time cost: 34.4220 seconds
Test results: SROCC=0.6938, KROCC=0.5075, PLCC=0.6832, RMSE=16.1785
Epoch 22 averaged training loss: 142.3994
The current learning rate is 0.000041
Epoch 22 training time cost: 34.4621 seconds
Test results: SROCC=0.6067, KROCC=0.4307, PLCC=0.6032, RMSE=17.6712
Epoch 23 averaged training loss: 194.7246
The current learning rate is 0.000041
Epoch 23 training time cost: 34.6225 seconds
Test results: SROCC=0.6190, KROCC=0.4404, PLCC=0.6126, RMSE=17.5120
Epoch 24 averaged training loss: 164.8233
The current learning rate is 0.000036
Epoch 24 training time cost: 34.6210 seconds
Test results: SROCC=0.6870, KROCC=0.4897, PLCC=0.6780, RMSE=16.2854
Epoch 25 averaged training loss: 168.5765
The current learning rate is 0.000036
Epoch 25 training time cost: 34.3581 seconds
Test results: SROCC=0.7337, KROCC=0.5325, PLCC=0.6208, RMSE=17.3701
Epoch 26 averaged training loss: 154.9215
The current learning rate is 0.000036
Epoch 26 training time cost: 34.6469 seconds
Test results: SROCC=0.6256, KROCC=0.4412, PLCC=0.6138, RMSE=17.4911
Epoch 27 averaged training loss: 159.0615
The current learning rate is 0.000036
Epoch 27 training time cost: 34.6404 seconds
Test results: SROCC=0.7362, KROCC=0.5390, PLCC=0.7220, RMSE=15.3285
Epoch 28 averaged training loss: 138.0797
The current learning rate is 0.000036
Epoch 28 training time cost: 34.5213 seconds
Test results: SROCC=0.6414, KROCC=0.4598, PLCC=0.6443, RMSE=16.9444
Epoch 29 averaged training loss: 140.6155
The current learning rate is 0.000036
Epoch 29 training time cost: 34.8923 seconds
Test results: SROCC=0.5882, KROCC=0.4085, PLCC=0.5816, RMSE=18.0230
Epoch 30 averaged training loss: 143.4237
The current learning rate is 0.000036
Epoch 30 training time cost: 35.1405 seconds
Test results: SROCC=0.5892, KROCC=0.4089, PLCC=0.5989, RMSE=17.7436
Epoch 31 averaged training loss: 113.9477
The current learning rate is 0.000036
Epoch 31 training time cost: 34.3619 seconds
Test results: SROCC=0.4739, KROCC=0.3362, PLCC=0.4939, RMSE=19.2647
Epoch 32 averaged training loss: 150.0716
The current learning rate is 0.000033
Epoch 32 training time cost: 34.4253 seconds
Test results: SROCC=0.7231, KROCC=0.5362, PLCC=0.6995, RMSE=15.8333
Epoch 33 averaged training loss: 156.9505
The current learning rate is 0.000033
Epoch 33 training time cost: 34.1067 seconds
Test results: SROCC=0.5962, KROCC=0.4263, PLCC=0.5842, RMSE=17.9818
Epoch 34 averaged training loss: 147.0139
The current learning rate is 0.000033
Epoch 34 training time cost: 34.3940 seconds
Test results: SROCC=0.7353, KROCC=0.5418, PLCC=0.6647, RMSE=16.5522
Epoch 35 averaged training loss: 155.9599
The current learning rate is 0.000033
Epoch 35 training time cost: 34.6846 seconds
Test results: SROCC=0.6894, KROCC=0.5042, PLCC=0.6772, RMSE=16.3012
Epoch 36 averaged training loss: 149.4242
The current learning rate is 0.000033
Epoch 36 training time cost: 35.3886 seconds
Test results: SROCC=0.7581, KROCC=0.5616, PLCC=0.7587, RMSE=14.4335
Update best model using best_val_criterion 
Update the best Test results: SROCC=0.7581, KROCC=0.5616, PLCC=0.7587, RMSE=14.4335
Epoch 37 averaged training loss: 115.3248
The current learning rate is 0.000033
Epoch 37 training time cost: 34.8689 seconds
Test results: SROCC=0.7051, KROCC=0.5216, PLCC=0.7082, RMSE=15.6421
Epoch 38 averaged training loss: 117.2172
The current learning rate is 0.000033
Epoch 38 training time cost: 34.6841 seconds
Test results: SROCC=0.6644, KROCC=0.4772, PLCC=0.6552, RMSE=16.7367
Epoch 39 averaged training loss: 153.3511
The current learning rate is 0.000033
Epoch 39 training time cost: 34.8600 seconds
Test results: SROCC=0.6081, KROCC=0.4206, PLCC=0.6061, RMSE=17.6219
Epoch 40 averaged training loss: 146.5114
The current learning rate is 0.000030
Epoch 40 training time cost: 34.3103 seconds
Test results: SROCC=0.6321, KROCC=0.4469, PLCC=0.6249, RMSE=17.2963
Epoch 41 averaged training loss: 144.8140
The current learning rate is 0.000030
Epoch 41 training time cost: 34.7522 seconds
Test results: SROCC=0.7698, KROCC=0.5770, PLCC=0.7635, RMSE=14.3093
Update best model using best_val_criterion 
Update the best Test results: SROCC=0.7698, KROCC=0.5770, PLCC=0.7635, RMSE=14.3093
Epoch 42 averaged training loss: 134.7427
The current learning rate is 0.000030
Epoch 42 training time cost: 34.5859 seconds
Test results: SROCC=0.6436, KROCC=0.4578, PLCC=0.6466, RMSE=16.9015
Epoch 43 averaged training loss: 128.5463
The current learning rate is 0.000030
Epoch 43 training time cost: 34.2871 seconds
Test results: SROCC=0.6671, KROCC=0.4768, PLCC=0.6676, RMSE=16.4949
Epoch 44 averaged training loss: 115.8730
The current learning rate is 0.000030
Epoch 44 training time cost: 34.8712 seconds
Test results: SROCC=0.6664, KROCC=0.4840, PLCC=0.6657, RMSE=16.5322
Epoch 45 averaged training loss: 111.1748
The current learning rate is 0.000030
Epoch 45 training time cost: 34.3609 seconds
Test results: SROCC=0.6241, KROCC=0.4549, PLCC=0.6217, RMSE=17.3538
Epoch 46 averaged training loss: 131.9759
The current learning rate is 0.000030
Epoch 46 training time cost: 34.7062 seconds
Test results: SROCC=0.6431, KROCC=0.4735, PLCC=0.6460, RMSE=16.9128
Epoch 47 averaged training loss: 129.8006
The current learning rate is 0.000030
Epoch 47 training time cost: 34.3869 seconds
Test results: SROCC=0.6561, KROCC=0.4828, PLCC=0.5405, RMSE=18.6410
Epoch 48 averaged training loss: 114.4230
The current learning rate is 0.000027
Epoch 48 training time cost: 34.4759 seconds
Test results: SROCC=0.6246, KROCC=0.4408, PLCC=0.6182, RMSE=17.4155
Epoch 49 averaged training loss: 94.4413
The current learning rate is 0.000027
Epoch 49 training time cost: 34.8352 seconds
Test results: SROCC=0.6742, KROCC=0.4958, PLCC=0.6611, RMSE=16.6236
Epoch 50 averaged training loss: 130.7901
The current learning rate is 0.000027
Epoch 50 training time cost: 34.3495 seconds
Test results: SROCC=0.6502, KROCC=0.4651, PLCC=0.6433, RMSE=16.9631
WPC2.0
The best Val results: SROCC=0.7698, KROCC=0.5770, PLCC=0.7635, RMSE=14.3093
*************************************************************************************************************************
*************************************************************************************************************************
The mean val results: SROCC=0.8270, KROCC=0.6445, PLCC=0.8241, RMSE=12.1648
*************************************************************************************************************************
